Using pre-set license
Built from '2020.3/staging' branch; Version is '2020.3.4f1 (0abb6314276a) revision 703331'; Using compiler version '192528614'; Build Type 'Release'
OS: 'Windows 10 Pro; OS build 19042.1466; Version 2009; 64bit' Language: 'ru' Physical Memory: 16318 MB
BatchMode: 1, IsHumanControllingUs: 0, StartBugReporterOnCrash: 0, Is64bit: 1, IsPro: 0

 COMMAND LINE ARGUMENTS:
E:\2020.3.4f1\Editor\Unity.exe
-adb2
-batchMode
-noUpm
-name
AssetImportWorker0
-projectPath
E:/Project/Platformer 2D
-logFile
Logs/AssetImportWorker0.log
-srvPort
54483
Successfully changed project path to: E:/Project/Platformer 2D
E:/Project/Platformer 2D
Using Asset Import Pipeline V2.
Refreshing native plugins compatible for Editor in 44.35 ms, found 1 plugins.
Preloading 0 native plugins for Editor in 0.00 ms.
Initialize engine version: 2020.3.4f1 (0abb6314276a)
[Subsystems] Discovering subsystems at path E:/2020.3.4f1/Editor/Data/Resources/UnitySubsystems
[Subsystems] Discovering subsystems at path E:/Project/Platformer 2D/Assets
GfxDevice: creating device client; threaded=0
Direct3D:
    Version:  Direct3D 11.0 [level 11.1]
    Renderer: NVIDIA GeForce GTX 1660 (ID=0x2184)
    Vendor:   
    VRAM:     5991 MB
    Driver:   30.0.15.1123
Initialize mono
Mono path[0] = 'E:/2020.3.4f1/Editor/Data/Managed'
Mono path[1] = 'E:/2020.3.4f1/Editor/Data/MonoBleedingEdge/lib/mono/unityjit'
Mono config path = 'E:/2020.3.4f1/Editor/Data/MonoBleedingEdge/etc'
Using monoOptions --debugger-agent=transport=dt_socket,embedding=1,server=y,suspend=n,address=127.0.0.1:56844
Begin MonoManager ReloadAssembly
Registering precompiled unity dll's ...
Register platform support module: E:/2020.3.4f1/Editor/Data/PlaybackEngines/WindowsStandaloneSupport/UnityEditor.WindowsStandalone.Extensions.dll
Registered in 0.001170 seconds.
Native extension for WindowsStandalone target not found
Refreshing native plugins compatible for Editor in 43.33 ms, found 1 plugins.
Preloading 0 native plugins for Editor in 0.00 ms.
Mono: successfully reloaded assembly
- Completed reload, in  2.483 seconds
Platform modules already initialized, skipping
Registering precompiled user dll's ...
Registered in 0.000857 seconds.
Begin MonoManager ReloadAssembly
Native extension for WindowsStandalone target not found
Refreshing native plugins compatible for Editor in 43.73 ms, found 1 plugins.
Preloading 0 native plugins for Editor in 0.00 ms.
Mono: successfully reloaded assembly
- Completed reload, in  1.087 seconds
Platform modules already initialized, skipping
========================================================================
Worker process is ready to serve import requests
Launched and connected shader compiler UnityShaderCompiler.exe after 0.06 seconds
Refreshing native plugins compatible for Editor in 0.38 ms, found 1 plugins.
Preloading 0 native plugins for Editor in 0.00 ms.
Unloading 1812 Unused Serialized files (Serialized files now loaded: 0)
System memory in use before: 84.9 MB.
System memory in use after: 84.9 MB.

Unloading 24 unused Assets to reduce memory usage. Loaded Objects now: 2254.
Total: 2.305200 ms (FindLiveObjects: 0.258600 ms CreateObjectMapping: 0.078400 ms MarkObjects: 1.785700 ms  DeleteObjects: 0.181600 ms)

========================================================================
Received Import Request.
  path: Assets/Scripts/Utilis
  artifactKey: Guid(bb58c73e2185efe4994ea01648c38dfd) Importer(815301076,1909f56bfc062723c751e8b465ee728b)
Start importing Assets/Scripts/Utilis using Guid(bb58c73e2185efe4994ea01648c38dfd) Importer(815301076,1909f56bfc062723c751e8b465ee728b)  -> (artifact id: 'a09bd2c13b681d47f08041e81933b27f') in 0.004177 seconds
  Import took 0.007402 seconds .

========================================================================
Received Import Request.
  Time since last request: 14.034457 seconds.
  path: Assets/Scripts/Utilis/VectorChange.cs
  artifactKey: Guid(f769d7c5c73600141b8bfe919df54910) Importer(815301076,1909f56bfc062723c751e8b465ee728b)
Start importing Assets/Scripts/Utilis/VectorChange.cs using Guid(f769d7c5c73600141b8bfe919df54910) Importer(815301076,1909f56bfc062723c751e8b465ee728b)  -> (artifact id: '8d9d63fb3b1b1cf9bc6e69854189a407') in 0.071484 seconds
  Import took 0.074421 seconds .

========================================================================
Received Prepare
Registering precompiled user dll's ...
Registered in 0.000893 seconds.
Begin MonoManager ReloadAssembly
Native extension for WindowsStandalone target not found
Refreshing native plugins compatible for Editor in 0.36 ms, found 1 plugins.
Preloading 0 native plugins for Editor in 0.00 ms.
Mono: successfully reloaded assembly
- Completed reload, in  1.080 seconds
Platform modules already initialized, skipping
Refreshing native plugins compatible for Editor in 0.45 ms, found 1 plugins.
Preloading 0 native plugins for Editor in 0.00 ms.
Unloading 1808 Unused Serialized files (Serialized files now loaded: 0)
System memory in use before: 84.9 MB.
System memory in use after: 84.9 MB.

Unloading 12 unused Assets to reduce memory usage. Loaded Objects now: 2259.
Total: 2.202000 ms (FindLiveObjects: 0.172800 ms CreateObjectMapping: 0.071600 ms MarkObjects: 1.800000 ms  DeleteObjects: 0.156600 ms)

========================================================================
Received Prepare
Registering precompiled user dll's ...
Registered in 0.001328 seconds.
Begin MonoManager ReloadAssembly
Native extension for WindowsStandalone target not found
Refreshing native plugins compatible for Editor in 0.37 ms, found 1 plugins.
Preloading 0 native plugins for Editor in 0.00 ms.
Mono: successfully reloaded assembly
- Completed reload, in  0.998 seconds
Platform modules already initialized, skipping
Refreshing native plugins compatible for Editor in 0.36 ms, found 1 plugins.
Preloading 0 native plugins for Editor in 0.00 ms.
Unloading 1808 Unused Serialized files (Serialized files now loaded: 0)
System memory in use before: 84.9 MB.
System memory in use after: 84.9 MB.

Unloading 12 unused Assets to reduce memory usage. Loaded Objects now: 2263.
Total: 4.414700 ms (FindLiveObjects: 0.192700 ms CreateObjectMapping: 0.081000 ms MarkObjects: 3.998500 ms  DeleteObjects: 0.140800 ms)

========================================================================
Received Import Request.
  Time since last request: 697.518816 seconds.
  path: Assets/Scripts/Utilis/VectorChange.cs
  artifactKey: Guid(f769d7c5c73600141b8bfe919df54910) Importer(815301076,1909f56bfc062723c751e8b465ee728b)
Start importing Assets/Scripts/Utilis/VectorChange.cs using Guid(f769d7c5c73600141b8bfe919df54910) Importer(815301076,1909f56bfc062723c751e8b465ee728b)  -> (artifact id: '06b880f67ad529f63463483b3458a508') in 0.004576 seconds
  Import took 0.007880 seconds .

========================================================================
Received Prepare
Registering precompiled user dll's ...
Registered in 0.001239 seconds.
Begin MonoManager ReloadAssembly
Native extension for WindowsStandalone target not found
Refreshing native plugins compatible for Editor in 0.44 ms, found 1 plugins.
Preloading 0 native plugins for Editor in 0.00 ms.
Mono: successfully reloaded assembly
- Completed reload, in  1.150 seconds
Platform modules already initialized, skipping
Refreshing native plugins compatible for Editor in 0.37 ms, found 1 plugins.
Preloading 0 native plugins for Editor in 0.00 ms.
Unloading 1808 Unused Serialized files (Serialized files now loaded: 0)
System memory in use before: 85.0 MB.
System memory in use after: 84.9 MB.

Unloading 12 unused Assets to reduce memory usage. Loaded Objects now: 2267.
Total: 2.270000 ms (FindLiveObjects: 0.194300 ms CreateObjectMapping: 0.088500 ms MarkObjects: 1.838500 ms  DeleteObjects: 0.147500 ms)

========================================================================
Received Import Request.
  Time since last request: 107.077298 seconds.
  path: Assets/Scripts/Utilis/VectorChangeExtension.cs
  artifactKey: Guid(f769d7c5c73600141b8bfe919df54910) Importer(815301076,1909f56bfc062723c751e8b465ee728b)
Start importing Assets/Scripts/Utilis/VectorChangeExtension.cs using Guid(f769d7c5c73600141b8bfe919df54910) Importer(815301076,1909f56bfc062723c751e8b465ee728b)  -> (artifact id: '620b5b2a5dd907d25c89957ae71479c7') in 0.004427 seconds
  Import took 0.007571 seconds .

========================================================================
Received Import Request.
  Time since last request: 145.074779 seconds.
  path: Assets/Scripts/Controller/SpriteAnimatorController.cs
  artifactKey: Guid(6314b8fb6e10700459755e5d6ece3537) Importer(815301076,1909f56bfc062723c751e8b465ee728b)
Start importing Assets/Scripts/Controller/SpriteAnimatorController.cs using Guid(6314b8fb6e10700459755e5d6ece3537) Importer(815301076,1909f56bfc062723c751e8b465ee728b)  -> (artifact id: 'a1ed21803dd26ea5a5e3d49339780699') in 0.002458 seconds
  Import took 0.005754 seconds .

========================================================================
Received Import Request.
  Time since last request: 0.031766 seconds.
  path: Assets/Scripts/Controller/SpriteAnimatorController.cs
  artifactKey: Guid(6314b8fb6e10700459755e5d6ece3537) Importer(815301076,1909f56bfc062723c751e8b465ee728b)
Start importing Assets/Scripts/Controller/SpriteAnimatorController.cs using Guid(6314b8fb6e10700459755e5d6ece3537) Importer(815301076,1909f56bfc062723c751e8b465ee728b)  -> (artifact id: 'a1ed21803dd26ea5a5e3d49339780699') in 0.008270 seconds
  Import took 0.012191 seconds .

========================================================================
Received Import Request.
  Time since last request: 24.360364 seconds.
  path: Assets/Scripts/Controller/CameraController.cs
  artifactKey: Guid(8fdf605407b2fa64db080e7218a7042c) Importer(815301076,1909f56bfc062723c751e8b465ee728b)
Start importing Assets/Scripts/Controller/CameraController.cs using Guid(8fdf605407b2fa64db080e7218a7042c) Importer(815301076,1909f56bfc062723c751e8b465ee728b)  -> (artifact id: '62945dc0c8515291305a828640c272bb') in 0.002625 seconds
  Import took 0.006054 seconds .

========================================================================
Received Prepare
Registering precompiled user dll's ...
Registered in 0.000895 seconds.
Begin MonoManager ReloadAssembly
Native extension for WindowsStandalone target not found
Refreshing native plugins compatible for Editor in 0.41 ms, found 1 plugins.
Preloading 0 native plugins for Editor in 0.00 ms.
Mono: successfully reloaded assembly
- Completed reload, in  1.050 seconds
Platform modules already initialized, skipping
Refreshing native plugins compatible for Editor in 0.44 ms, found 1 plugins.
Preloading 0 native plugins for Editor in 0.00 ms.
Unloading 1809 Unused Serialized files (Serialized files now loaded: 0)
System memory in use before: 85.0 MB.
System memory in use after: 85.0 MB.

Unloading 12 unused Assets to reduce memory usage. Loaded Objects now: 2272.
Total: 2.398200 ms (FindLiveObjects: 0.217600 ms CreateObjectMapping: 0.080400 ms MarkObjects: 1.946500 ms  DeleteObjects: 0.152900 ms)

========================================================================
Received Prepare
Registering precompiled user dll's ...
Registered in 0.000881 seconds.
Begin MonoManager ReloadAssembly
Native extension for WindowsStandalone target not found
Refreshing native plugins compatible for Editor in 0.35 ms, found 1 plugins.
Preloading 0 native plugins for Editor in 0.00 ms.
Mono: successfully reloaded assembly
- Completed reload, in  0.988 seconds
Platform modules already initialized, skipping
Refreshing native plugins compatible for Editor in 0.44 ms, found 1 plugins.
Preloading 0 native plugins for Editor in 0.00 ms.
Unloading 1809 Unused Serialized files (Serialized files now loaded: 0)
System memory in use before: 85.0 MB.
System memory in use after: 85.0 MB.

Unloading 12 unused Assets to reduce memory usage. Loaded Objects now: 2276.
Total: 2.495800 ms (FindLiveObjects: 0.205900 ms CreateObjectMapping: 0.077600 ms MarkObjects: 2.057500 ms  DeleteObjects: 0.153800 ms)

========================================================================
Received Import Request.
  Time since last request: 3941.993228 seconds.
  path: Assets/Scripts/Controller/CameraController.cs
  artifactKey: Guid(8fdf605407b2fa64db080e7218a7042c) Importer(815301076,1909f56bfc062723c751e8b465ee728b)
Start importing Assets/Scripts/Controller/CameraController.cs using Guid(8fdf605407b2fa64db080e7218a7042c) Importer(815301076,1909f56bfc062723c751e8b465ee728b)  -> (artifact id: '6130a19230cc2b550012d202ba349c3b') in 0.004328 seconds
  Import took 0.018166 seconds .

========================================================================
Received Prepare
Registering precompiled user dll's ...
Registered in 0.000887 seconds.
Begin MonoManager ReloadAssembly
Native extension for WindowsStandalone target not found
Refreshing native plugins compatible for Editor in 0.36 ms, found 1 plugins.
Preloading 0 native plugins for Editor in 0.00 ms.
Mono: successfully reloaded assembly
- Completed reload, in  0.972 seconds
Platform modules already initialized, skipping
Refreshing native plugins compatible for Editor in 0.38 ms, found 1 plugins.
Preloading 0 native plugins for Editor in 0.00 ms.
Unloading 1810 Unused Serialized files (Serialized files now loaded: 0)
System memory in use before: 85.0 MB.
System memory in use after: 85.0 MB.

Unloading 12 unused Assets to reduce memory usage. Loaded Objects now: 2281.
Total: 2.225300 ms (FindLiveObjects: 0.191400 ms CreateObjectMapping: 0.073300 ms MarkObjects: 1.805800 ms  DeleteObjects: 0.153700 ms)

========================================================================
Received Import Request.
  Time since last request: 172.544987 seconds.
  path: Assets/Scripts/Controller/NewBehaviourScript.cs
  artifactKey: Guid(3da62993dcfdded4094afd9b50c2d021) Importer(815301076,1909f56bfc062723c751e8b465ee728b)
Start importing Assets/Scripts/Controller/NewBehaviourScript.cs using Guid(3da62993dcfdded4094afd9b50c2d021) Importer(815301076,1909f56bfc062723c751e8b465ee728b)  -> (artifact id: '26f1fb8a00881dab7e6397aace972321') in 0.004612 seconds
  Import took 0.022635 seconds .

========================================================================
Received Prepare
Registering precompiled user dll's ...
Registered in 0.001174 seconds.
Begin MonoManager ReloadAssembly
Native extension for WindowsStandalone target not found
Refreshing native plugins compatible for Editor in 0.76 ms, found 1 plugins.
Preloading 0 native plugins for Editor in 0.00 ms.
Mono: successfully reloaded assembly
- Completed reload, in  0.970 seconds
Platform modules already initialized, skipping
Refreshing native plugins compatible for Editor in 0.43 ms, found 1 plugins.
Preloading 0 native plugins for Editor in 0.00 ms.
Unloading 1809 Unused Serialized files (Serialized files now loaded: 0)
System memory in use before: 85.0 MB.
System memory in use after: 85.0 MB.

Unloading 13 unused Assets to reduce memory usage. Loaded Objects now: 2284.
Total: 2.240500 ms (FindLiveObjects: 0.175300 ms CreateObjectMapping: 0.073000 ms MarkObjects: 1.881200 ms  DeleteObjects: 0.109700 ms)

========================================================================
Received Import Request.
  Time since last request: 27.588476 seconds.
  path: Assets/Scripts/Controller/PlayerController.cs
  artifactKey: Guid(401e5bc3ffe23d64bb49e4c00b56921f) Importer(815301076,1909f56bfc062723c751e8b465ee728b)
Start importing Assets/Scripts/Controller/PlayerController.cs using Guid(401e5bc3ffe23d64bb49e4c00b56921f) Importer(815301076,1909f56bfc062723c751e8b465ee728b)  -> (artifact id: '063577b8a105879ed6b4c729e48d6ee5') in 0.005543 seconds
  Import took 0.009015 seconds .

========================================================================
Received Prepare
Registering precompiled user dll's ...
Registered in 0.000968 seconds.
Begin MonoManager ReloadAssembly
Native extension for WindowsStandalone target not found
Refreshing native plugins compatible for Editor in 0.39 ms, found 1 plugins.
Preloading 0 native plugins for Editor in 0.00 ms.
Mono: successfully reloaded assembly
- Completed reload, in  1.001 seconds
Platform modules already initialized, skipping
Refreshing native plugins compatible for Editor in 0.36 ms, found 1 plugins.
Preloading 0 native plugins for Editor in 0.00 ms.
Unloading 1810 Unused Serialized files (Serialized files now loaded: 0)
System memory in use before: 85.1 MB.
System memory in use after: 85.0 MB.

Unloading 12 unused Assets to reduce memory usage. Loaded Objects now: 2289.
Total: 2.416300 ms (FindLiveObjects: 0.199100 ms CreateObjectMapping: 0.103900 ms MarkObjects: 1.932400 ms  DeleteObjects: 0.179400 ms)

========================================================================
Received Prepare
Registering precompiled user dll's ...
Registered in 0.000868 seconds.
Begin MonoManager ReloadAssembly
Native extension for WindowsStandalone target not found
Refreshing native plugins compatible for Editor in 0.36 ms, found 1 plugins.
Preloading 0 native plugins for Editor in 0.00 ms.
Mono: successfully reloaded assembly
- Completed reload, in  1.060 seconds
Platform modules already initialized, skipping
Refreshing native plugins compatible for Editor in 0.44 ms, found 1 plugins.
Preloading 0 native plugins for Editor in 0.00 ms.
Unloading 1810 Unused Serialized files (Serialized files now loaded: 0)
System memory in use before: 85.1 MB.
System memory in use after: 85.0 MB.

Unloading 12 unused Assets to reduce memory usage. Loaded Objects now: 2293.
Total: 2.628600 ms (FindLiveObjects: 0.237600 ms CreateObjectMapping: 0.075200 ms MarkObjects: 2.164500 ms  DeleteObjects: 0.149900 ms)

========================================================================
Received Import Request.
  Time since last request: 901.377694 seconds.
  path: Assets/Scripts/Controller/PlayerController.cs
  artifactKey: Guid(401e5bc3ffe23d64bb49e4c00b56921f) Importer(815301076,1909f56bfc062723c751e8b465ee728b)
Start importing Assets/Scripts/Controller/PlayerController.cs using Guid(401e5bc3ffe23d64bb49e4c00b56921f) Importer(815301076,1909f56bfc062723c751e8b465ee728b)  -> (artifact id: '37ce52b15894d256a49d087b01649ed6') in 0.004644 seconds
  Import took 0.026468 seconds .

========================================================================
Received Prepare
Registering precompiled user dll's ...
Registered in 0.000915 seconds.
Begin MonoManager ReloadAssembly
Native extension for WindowsStandalone target not found
Refreshing native plugins compatible for Editor in 0.36 ms, found 1 plugins.
Preloading 0 native plugins for Editor in 0.00 ms.
Mono: successfully reloaded assembly
- Completed reload, in  1.196 seconds
Platform modules already initialized, skipping
Refreshing native plugins compatible for Editor in 0.38 ms, found 1 plugins.
Preloading 0 native plugins for Editor in 0.00 ms.
Unloading 1810 Unused Serialized files (Serialized files now loaded: 0)
System memory in use before: 85.1 MB.
System memory in use after: 85.1 MB.

Unloading 12 unused Assets to reduce memory usage. Loaded Objects now: 2297.
Total: 2.420200 ms (FindLiveObjects: 0.203600 ms CreateObjectMapping: 0.095800 ms MarkObjects: 1.995200 ms  DeleteObjects: 0.124200 ms)

========================================================================
Received Import Request.
  Time since last request: 1035.860495 seconds.
  path: Assets/Scripts/Controller/PlayerController.cs
  artifactKey: Guid(401e5bc3ffe23d64bb49e4c00b56921f) Importer(815301076,1909f56bfc062723c751e8b465ee728b)
Start importing Assets/Scripts/Controller/PlayerController.cs using Guid(401e5bc3ffe23d64bb49e4c00b56921f) Importer(815301076,1909f56bfc062723c751e8b465ee728b)  -> (artifact id: 'b2349157ee697f5716dc1da6865a00a3') in 0.004455 seconds
  Import took 0.017545 seconds .

========================================================================
Received Import Request.
  Time since last request: 607.466248 seconds.
  path: Assets/Scripts/Controller/PlayerController.cs
  artifactKey: Guid(401e5bc3ffe23d64bb49e4c00b56921f) Importer(815301076,1909f56bfc062723c751e8b465ee728b)
Start importing Assets/Scripts/Controller/PlayerController.cs using Guid(401e5bc3ffe23d64bb49e4c00b56921f) Importer(815301076,1909f56bfc062723c751e8b465ee728b)  -> (artifact id: '41d6364bfcc23eea3cfba79de74d32f3') in 0.008399 seconds
  Import took 0.041063 seconds .

========================================================================
Received Import Request.
  Time since last request: 0.019062 seconds.
  path: Assets/Scripts/Controller/PlayerController.cs
  artifactKey: Guid(401e5bc3ffe23d64bb49e4c00b56921f) Importer(815301076,1909f56bfc062723c751e8b465ee728b)
Start importing Assets/Scripts/Controller/PlayerController.cs using Guid(401e5bc3ffe23d64bb49e4c00b56921f) Importer(815301076,1909f56bfc062723c751e8b465ee728b)  -> (artifact id: '41d6364bfcc23eea3cfba79de74d32f3') in 0.003686 seconds
  Import took 0.008672 seconds .

========================================================================
Received Prepare
Registering precompiled user dll's ...
Registered in 0.000857 seconds.
Begin MonoManager ReloadAssembly
Native extension for WindowsStandalone target not found
Refreshing native plugins compatible for Editor in 0.36 ms, found 1 plugins.
Preloading 0 native plugins for Editor in 0.00 ms.
Mono: successfully reloaded assembly
- Completed reload, in  1.021 seconds
Platform modules already initialized, skipping
Refreshing native plugins compatible for Editor in 0.49 ms, found 1 plugins.
Preloading 0 native plugins for Editor in 0.00 ms.
Unloading 1810 Unused Serialized files (Serialized files now loaded: 0)
System memory in use before: 85.1 MB.
System memory in use after: 85.1 MB.

Unloading 12 unused Assets to reduce memory usage. Loaded Objects now: 2301.
Total: 2.440400 ms (FindLiveObjects: 0.234300 ms CreateObjectMapping: 0.068600 ms MarkObjects: 1.974100 ms  DeleteObjects: 0.162200 ms)

========================================================================
Received Import Request.
  Time since last request: 782.679181 seconds.
  path: Assets/Scripts/Controller/PlayerController.cs
  artifactKey: Guid(401e5bc3ffe23d64bb49e4c00b56921f) Importer(815301076,1909f56bfc062723c751e8b465ee728b)
Start importing Assets/Scripts/Controller/PlayerController.cs using Guid(401e5bc3ffe23d64bb49e4c00b56921f) Importer(815301076,1909f56bfc062723c751e8b465ee728b)  -> (artifact id: '77c69750c922549a408058b3f8e7562c') in 0.006749 seconds
  Import took 0.031179 seconds .

========================================================================
Received Import Request.
  Time since last request: 869.725218 seconds.
  path: Assets/Scripts/Controller/PlayerController.cs
  artifactKey: Guid(401e5bc3ffe23d64bb49e4c00b56921f) Importer(815301076,1909f56bfc062723c751e8b465ee728b)
Start importing Assets/Scripts/Controller/PlayerController.cs using Guid(401e5bc3ffe23d64bb49e4c00b56921f) Importer(815301076,1909f56bfc062723c751e8b465ee728b)  -> (artifact id: '6f28c7839a6440e7db231dd348735c09') in 0.003671 seconds
  Import took 0.023007 seconds .

========================================================================
Received Import Request.
  Time since last request: 0.035628 seconds.
  path: Assets/Scripts/Controller/PlayerController.cs
  artifactKey: Guid(401e5bc3ffe23d64bb49e4c00b56921f) Importer(815301076,1909f56bfc062723c751e8b465ee728b)
Start importing Assets/Scripts/Controller/PlayerController.cs using Guid(401e5bc3ffe23d64bb49e4c00b56921f) Importer(815301076,1909f56bfc062723c751e8b465ee728b)  -> (artifact id: '6f28c7839a6440e7db231dd348735c09') in 0.006189 seconds
  Import took 0.010927 seconds .

========================================================================
Received Import Request.
  Time since last request: 159.959287 seconds.
  path: Assets/Scripts/Controller/PlayerController.cs
  artifactKey: Guid(401e5bc3ffe23d64bb49e4c00b56921f) Importer(815301076,1909f56bfc062723c751e8b465ee728b)
Start importing Assets/Scripts/Controller/PlayerController.cs using Guid(401e5bc3ffe23d64bb49e4c00b56921f) Importer(815301076,1909f56bfc062723c751e8b465ee728b)  -> (artifact id: '965010bcb9bda0f3b87df8b1f70b4e8e') in 0.003209 seconds
  Import took 0.008475 seconds .

========================================================================
Received Import Request.
  Time since last request: 0.022275 seconds.
  path: Assets/Scripts/Controller/PlayerController.cs
  artifactKey: Guid(401e5bc3ffe23d64bb49e4c00b56921f) Importer(815301076,1909f56bfc062723c751e8b465ee728b)
Start importing Assets/Scripts/Controller/PlayerController.cs using Guid(401e5bc3ffe23d64bb49e4c00b56921f) Importer(815301076,1909f56bfc062723c751e8b465ee728b)  -> (artifact id: '965010bcb9bda0f3b87df8b1f70b4e8e') in 0.003020 seconds
  Import took 0.013626 seconds .

========================================================================
Received Import Request.
  Time since last request: 232.443944 seconds.
  path: Assets/Scripts/Controller/PlayerController.cs
  artifactKey: Guid(401e5bc3ffe23d64bb49e4c00b56921f) Importer(815301076,1909f56bfc062723c751e8b465ee728b)
Start importing Assets/Scripts/Controller/PlayerController.cs using Guid(401e5bc3ffe23d64bb49e4c00b56921f) Importer(815301076,1909f56bfc062723c751e8b465ee728b)  -> (artifact id: '30d199e57d46613b90a11d9924ed2738') in 0.006017 seconds
  Import took 0.024135 seconds .

========================================================================
Received Import Request.
  Time since last request: 0.005859 seconds.
  path: Assets/Scripts/Controller/PlayerController.cs
  artifactKey: Guid(401e5bc3ffe23d64bb49e4c00b56921f) Importer(815301076,1909f56bfc062723c751e8b465ee728b)
Start importing Assets/Scripts/Controller/PlayerController.cs using Guid(401e5bc3ffe23d64bb49e4c00b56921f) Importer(815301076,1909f56bfc062723c751e8b465ee728b)  -> (artifact id: '30d199e57d46613b90a11d9924ed2738') in 0.005240 seconds
  Import took 0.010810 seconds .

========================================================================
Received Prepare
Registering precompiled user dll's ...
Registered in 0.000854 seconds.
Begin MonoManager ReloadAssembly
Native extension for WindowsStandalone target not found
Refreshing native plugins compatible for Editor in 0.63 ms, found 1 plugins.
Preloading 0 native plugins for Editor in 0.00 ms.
Mono: successfully reloaded assembly
- Completed reload, in  0.943 seconds
Platform modules already initialized, skipping
Refreshing native plugins compatible for Editor in 0.36 ms, found 1 plugins.
Preloading 0 native plugins for Editor in 0.00 ms.
Unloading 1810 Unused Serialized files (Serialized files now loaded: 0)
System memory in use before: 85.1 MB.
System memory in use after: 85.1 MB.

Unloading 12 unused Assets to reduce memory usage. Loaded Objects now: 2305.
Total: 2.560200 ms (FindLiveObjects: 0.240400 ms CreateObjectMapping: 0.080900 ms MarkObjects: 2.057600 ms  DeleteObjects: 0.180200 ms)

========================================================================
Received Import Request.
  Time since last request: 2672.934067 seconds.
  path: Assets/Scripts/Main.cs
  artifactKey: Guid(6b9eb32d32e41ce4dbe688eb4a93c4bd) Importer(815301076,1909f56bfc062723c751e8b465ee728b)
Start importing Assets/Scripts/Main.cs using Guid(6b9eb32d32e41ce4dbe688eb4a93c4bd) Importer(815301076,1909f56bfc062723c751e8b465ee728b)  -> (artifact id: 'e64fb123264de31c010b53aa471d1e4f') in 0.012551 seconds
  Import took 0.031932 seconds .

========================================================================
Received Import Request.
  Time since last request: 115.332240 seconds.
  path: Assets/Scripts/Main.cs
  artifactKey: Guid(6b9eb32d32e41ce4dbe688eb4a93c4bd) Importer(815301076,1909f56bfc062723c751e8b465ee728b)
Start importing Assets/Scripts/Main.cs using Guid(6b9eb32d32e41ce4dbe688eb4a93c4bd) Importer(815301076,1909f56bfc062723c751e8b465ee728b)  -> (artifact id: 'c7a51bfc8030085e3e814b889453b4df') in 0.008620 seconds
  Import took 0.028873 seconds .

========================================================================
Received Import Request.
  Time since last request: 237.793417 seconds.
  path: Assets/Scripts/View/LevelObjectView.cs
  artifactKey: Guid(6b37d935ced2bc646a4b1d2073dfe778) Importer(815301076,1909f56bfc062723c751e8b465ee728b)
Start importing Assets/Scripts/View/LevelObjectView.cs using Guid(6b37d935ced2bc646a4b1d2073dfe778) Importer(815301076,1909f56bfc062723c751e8b465ee728b)  -> (artifact id: '98550d936a7c474b9992593f565450f5') in 0.013370 seconds
  Import took 0.044219 seconds .

========================================================================
Received Prepare
Registering precompiled user dll's ...
Registered in 0.001211 seconds.
Begin MonoManager ReloadAssembly
Native extension for WindowsStandalone target not found
Refreshing native plugins compatible for Editor in 0.36 ms, found 1 plugins.
Preloading 0 native plugins for Editor in 0.00 ms.
Mono: successfully reloaded assembly
- Completed reload, in  1.016 seconds
Platform modules already initialized, skipping
Refreshing native plugins compatible for Editor in 0.39 ms, found 1 plugins.
Preloading 0 native plugins for Editor in 0.00 ms.
Unloading 1810 Unused Serialized files (Serialized files now loaded: 0)
System memory in use before: 85.1 MB.
System memory in use after: 85.1 MB.

Unloading 12 unused Assets to reduce memory usage. Loaded Objects now: 2309.
Total: 2.342000 ms (FindLiveObjects: 0.210000 ms CreateObjectMapping: 0.071600 ms MarkObjects: 1.795300 ms  DeleteObjects: 0.264000 ms)

========================================================================
Received Prepare
Registering precompiled user dll's ...
Registered in 0.000911 seconds.
Begin MonoManager ReloadAssembly
Native extension for WindowsStandalone target not found
Refreshing native plugins compatible for Editor in 0.37 ms, found 1 plugins.
Preloading 0 native plugins for Editor in 0.00 ms.
Mono: successfully reloaded assembly
- Completed reload, in  1.022 seconds
Platform modules already initialized, skipping
Refreshing native plugins compatible for Editor in 0.38 ms, found 1 plugins.
Preloading 0 native plugins for Editor in 0.00 ms.
Unloading 1810 Unused Serialized files (Serialized files now loaded: 0)
System memory in use before: 85.1 MB.
System memory in use after: 85.1 MB.

Unloading 12 unused Assets to reduce memory usage. Loaded Objects now: 2313.
Total: 2.197300 ms (FindLiveObjects: 0.205600 ms CreateObjectMapping: 0.089200 ms MarkObjects: 1.788100 ms  DeleteObjects: 0.113200 ms)

========================================================================
Received Prepare
Registering precompiled user dll's ...
Registered in 0.001041 seconds.
Begin MonoManager ReloadAssembly
Native extension for WindowsStandalone target not found
Refreshing native plugins compatible for Editor in 0.64 ms, found 1 plugins.
Preloading 0 native plugins for Editor in 0.00 ms.
Mono: successfully reloaded assembly
- Completed reload, in  0.937 seconds
Platform modules already initialized, skipping
Refreshing native plugins compatible for Editor in 0.37 ms, found 1 plugins.
Preloading 0 native plugins for Editor in 0.00 ms.
Unloading 1810 Unused Serialized files (Serialized files now loaded: 0)
System memory in use before: 85.1 MB.
System memory in use after: 85.1 MB.

Unloading 12 unused Assets to reduce memory usage. Loaded Objects now: 2317.
Total: 2.512700 ms (FindLiveObjects: 0.220700 ms CreateObjectMapping: 0.089200 ms MarkObjects: 2.032400 ms  DeleteObjects: 0.169100 ms)

========================================================================
Received Prepare
Registering precompiled user dll's ...
Registered in 0.000876 seconds.
Begin MonoManager ReloadAssembly
Native extension for WindowsStandalone target not found
Refreshing native plugins compatible for Editor in 0.39 ms, found 1 plugins.
Preloading 0 native plugins for Editor in 0.00 ms.
Mono: successfully reloaded assembly
- Completed reload, in  0.905 seconds
Platform modules already initialized, skipping
Refreshing native plugins compatible for Editor in 0.39 ms, found 1 plugins.
Preloading 0 native plugins for Editor in 0.00 ms.
Unloading 1810 Unused Serialized files (Serialized files now loaded: 0)
System memory in use before: 85.1 MB.
System memory in use after: 85.1 MB.

Unloading 12 unused Assets to reduce memory usage. Loaded Objects now: 2321.
Total: 2.599500 ms (FindLiveObjects: 0.222300 ms CreateObjectMapping: 0.079800 ms MarkObjects: 2.147300 ms  DeleteObjects: 0.148900 ms)

========================================================================
Received Prepare
Registering precompiled user dll's ...
Registered in 0.000807 seconds.
Begin MonoManager ReloadAssembly
Native extension for WindowsStandalone target not found
Refreshing native plugins compatible for Editor in 0.38 ms, found 1 plugins.
Preloading 0 native plugins for Editor in 0.00 ms.
Mono: successfully reloaded assembly
- Completed reload, in  1.028 seconds
Platform modules already initialized, skipping
Refreshing native plugins compatible for Editor in 0.37 ms, found 1 plugins.
Preloading 0 native plugins for Editor in 0.00 ms.
Unloading 1810 Unused Serialized files (Serialized files now loaded: 0)
System memory in use before: 85.1 MB.
System memory in use after: 85.1 MB.

Unloading 12 unused Assets to reduce memory usage. Loaded Objects now: 2325.
Total: 3.010100 ms (FindLiveObjects: 0.248000 ms CreateObjectMapping: 0.103400 ms MarkObjects: 2.512700 ms  DeleteObjects: 0.144300 ms)

========================================================================
Received Prepare
Registering precompiled user dll's ...
Registered in 0.000807 seconds.
Begin MonoManager ReloadAssembly
Native extension for WindowsStandalone target not found
Refreshing native plugins compatible for Editor in 2.67 ms, found 1 plugins.
Preloading 0 native plugins for Editor in 0.00 ms.
Mono: successfully reloaded assembly
- Completed reload, in  0.908 seconds
Platform modules already initialized, skipping
Refreshing native plugins compatible for Editor in 0.41 ms, found 1 plugins.
Preloading 0 native plugins for Editor in 0.00 ms.
Unloading 1810 Unused Serialized files (Serialized files now loaded: 0)
System memory in use before: 85.2 MB.
System memory in use after: 85.1 MB.

Unloading 12 unused Assets to reduce memory usage. Loaded Objects now: 2329.
Total: 2.242300 ms (FindLiveObjects: 0.211300 ms CreateObjectMapping: 0.084200 ms MarkObjects: 1.810500 ms  DeleteObjects: 0.135000 ms)

========================================================================
Received Prepare
Registering precompiled user dll's ...
Registered in 0.000951 seconds.
Begin MonoManager ReloadAssembly
Native extension for WindowsStandalone target not found
Refreshing native plugins compatible for Editor in 0.36 ms, found 1 plugins.
Preloading 0 native plugins for Editor in 0.00 ms.
Mono: successfully reloaded assembly
- Completed reload, in  0.920 seconds
Platform modules already initialized, skipping
Refreshing native plugins compatible for Editor in 0.36 ms, found 1 plugins.
Preloading 0 native plugins for Editor in 0.00 ms.
Unloading 1810 Unused Serialized files (Serialized files now loaded: 0)
System memory in use before: 85.2 MB.
System memory in use after: 85.1 MB.

Unloading 12 unused Assets to reduce memory usage. Loaded Objects now: 2333.
Total: 2.307200 ms (FindLiveObjects: 0.224700 ms CreateObjectMapping: 0.073800 ms MarkObjects: 1.846600 ms  DeleteObjects: 0.161100 ms)

========================================================================
Received Import Request.
  Time since last request: 454.530749 seconds.
  path: Assets/Configs/Resources/PlayerAnimatorConfig.asset
  artifactKey: Guid(bcd351438ba3dad4c8b25d2e92f59809) Importer(815301076,1909f56bfc062723c751e8b465ee728b)
Start importing Assets/Configs/Resources/PlayerAnimatorConfig.asset using Guid(bcd351438ba3dad4c8b25d2e92f59809) Importer(815301076,1909f56bfc062723c751e8b465ee728b)  -> (artifact id: 'e4604338382d04fe9b7646fb784d4f4a') in 0.020120 seconds
  Import took 0.053698 seconds .

========================================================================
Received Prepare
Registering precompiled user dll's ...
Registered in 0.000865 seconds.
Begin MonoManager ReloadAssembly
Native extension for WindowsStandalone target not found
Refreshing native plugins compatible for Editor in 0.41 ms, found 1 plugins.
Preloading 0 native plugins for Editor in 0.00 ms.
Mono: successfully reloaded assembly
- Completed reload, in  0.916 seconds
Platform modules already initialized, skipping
Refreshing native plugins compatible for Editor in 0.39 ms, found 1 plugins.
Preloading 0 native plugins for Editor in 0.00 ms.
Unloading 1810 Unused Serialized files (Serialized files now loaded: 0)
System memory in use before: 85.2 MB.
System memory in use after: 85.2 MB.

Unloading 12 unused Assets to reduce memory usage. Loaded Objects now: 2337.
Total: 2.145900 ms (FindLiveObjects: 0.200000 ms CreateObjectMapping: 0.066400 ms MarkObjects: 1.731400 ms  DeleteObjects: 0.147000 ms)

========================================================================
Received Prepare
Registering precompiled user dll's ...
Registered in 0.000804 seconds.
Begin MonoManager ReloadAssembly
Native extension for WindowsStandalone target not found
Refreshing native plugins compatible for Editor in 0.39 ms, found 1 plugins.
Preloading 0 native plugins for Editor in 0.00 ms.
Mono: successfully reloaded assembly
- Completed reload, in  0.906 seconds
Platform modules already initialized, skipping
Refreshing native plugins compatible for Editor in 0.41 ms, found 1 plugins.
Preloading 0 native plugins for Editor in 0.00 ms.
Unloading 1810 Unused Serialized files (Serialized files now loaded: 0)
System memory in use before: 85.2 MB.
System memory in use after: 85.2 MB.

Unloading 12 unused Assets to reduce memory usage. Loaded Objects now: 2341.
Total: 2.235900 ms (FindLiveObjects: 0.219400 ms CreateObjectMapping: 0.083400 ms MarkObjects: 1.806700 ms  DeleteObjects: 0.125500 ms)

========================================================================
Received Prepare
Registering precompiled user dll's ...
Registered in 0.000894 seconds.
Begin MonoManager ReloadAssembly
Native extension for WindowsStandalone target not found
Refreshing native plugins compatible for Editor in 0.49 ms, found 1 plugins.
Preloading 0 native plugins for Editor in 0.00 ms.
Mono: successfully reloaded assembly
- Completed reload, in  0.951 seconds
Platform modules already initialized, skipping
Refreshing native plugins compatible for Editor in 0.38 ms, found 1 plugins.
Preloading 0 native plugins for Editor in 0.00 ms.
Unloading 1810 Unused Serialized files (Serialized files now loaded: 0)
System memory in use before: 85.2 MB.
System memory in use after: 85.2 MB.

Unloading 12 unused Assets to reduce memory usage. Loaded Objects now: 2345.
Total: 2.287200 ms (FindLiveObjects: 0.213800 ms CreateObjectMapping: 0.074700 ms MarkObjects: 1.843900 ms  DeleteObjects: 0.154000 ms)

========================================================================
Received Prepare
Registering precompiled user dll's ...
Registered in 0.000787 seconds.
Begin MonoManager ReloadAssembly
Native extension for WindowsStandalone target not found
Refreshing native plugins compatible for Editor in 0.41 ms, found 1 plugins.
Preloading 0 native plugins for Editor in 0.00 ms.
Mono: successfully reloaded assembly
- Completed reload, in  0.902 seconds
Platform modules already initialized, skipping
Refreshing native plugins compatible for Editor in 0.40 ms, found 1 plugins.
Preloading 0 native plugins for Editor in 0.00 ms.
Unloading 1810 Unused Serialized files (Serialized files now loaded: 0)
System memory in use before: 85.2 MB.
System memory in use after: 85.2 MB.

Unloading 12 unused Assets to reduce memory usage. Loaded Objects now: 2349.
Total: 2.095200 ms (FindLiveObjects: 0.208300 ms CreateObjectMapping: 0.075200 ms MarkObjects: 1.686800 ms  DeleteObjects: 0.123900 ms)

========================================================================
Received Prepare
Registering precompiled user dll's ...
Registered in 0.000819 seconds.
Begin MonoManager ReloadAssembly
Native extension for WindowsStandalone target not found
Refreshing native plugins compatible for Editor in 0.54 ms, found 1 plugins.
Preloading 0 native plugins for Editor in 0.00 ms.
Mono: successfully reloaded assembly
- Completed reload, in  0.910 seconds
Platform modules already initialized, skipping
Refreshing native plugins compatible for Editor in 0.38 ms, found 1 plugins.
Preloading 0 native plugins for Editor in 0.00 ms.
Unloading 1810 Unused Serialized files (Serialized files now loaded: 0)
System memory in use before: 85.2 MB.
System memory in use after: 85.2 MB.

Unloading 12 unused Assets to reduce memory usage. Loaded Objects now: 2353.
Total: 2.258600 ms (FindLiveObjects: 0.217200 ms CreateObjectMapping: 0.084600 ms MarkObjects: 1.835600 ms  DeleteObjects: 0.120100 ms)

========================================================================
Received Prepare
Registering precompiled user dll's ...
Registered in 0.000869 seconds.
Begin MonoManager ReloadAssembly
Native extension for WindowsStandalone target not found
Refreshing native plugins compatible for Editor in 0.42 ms, found 1 plugins.
Preloading 0 native plugins for Editor in 0.00 ms.
Mono: successfully reloaded assembly
- Completed reload, in  0.961 seconds
Platform modules already initialized, skipping
Refreshing native plugins compatible for Editor in 0.42 ms, found 1 plugins.
Preloading 0 native plugins for Editor in 0.00 ms.
Unloading 1810 Unused Serialized files (Serialized files now loaded: 0)
System memory in use before: 85.2 MB.
System memory in use after: 85.2 MB.

Unloading 12 unused Assets to reduce memory usage. Loaded Objects now: 2357.
Total: 2.125100 ms (FindLiveObjects: 0.181400 ms CreateObjectMapping: 0.069100 ms MarkObjects: 1.715200 ms  DeleteObjects: 0.158600 ms)

========================================================================
Received Prepare
Registering precompiled user dll's ...
Registered in 0.000791 seconds.
Begin MonoManager ReloadAssembly
Native extension for WindowsStandalone target not found
Refreshing native plugins compatible for Editor in 0.80 ms, found 1 plugins.
Preloading 0 native plugins for Editor in 0.00 ms.
Mono: successfully reloaded assembly
- Completed reload, in  0.931 seconds
Platform modules already initialized, skipping
Refreshing native plugins compatible for Editor in 0.40 ms, found 1 plugins.
Preloading 0 native plugins for Editor in 0.00 ms.
Unloading 1810 Unused Serialized files (Serialized files now loaded: 0)
System memory in use before: 85.2 MB.
System memory in use after: 85.2 MB.

Unloading 12 unused Assets to reduce memory usage. Loaded Objects now: 2361.
Total: 2.362100 ms (FindLiveObjects: 0.202100 ms CreateObjectMapping: 0.101400 ms MarkObjects: 1.848700 ms  DeleteObjects: 0.208800 ms)

========================================================================
Received Prepare
Registering precompiled user dll's ...
Registered in 0.000797 seconds.
Begin MonoManager ReloadAssembly
Native extension for WindowsStandalone target not found
Refreshing native plugins compatible for Editor in 0.38 ms, found 1 plugins.
Preloading 0 native plugins for Editor in 0.00 ms.
Mono: successfully reloaded assembly
- Completed reload, in  0.921 seconds
Platform modules already initialized, skipping
Refreshing native plugins compatible for Editor in 0.46 ms, found 1 plugins.
Preloading 0 native plugins for Editor in 0.00 ms.
Unloading 1810 Unused Serialized files (Serialized files now loaded: 0)
System memory in use before: 85.2 MB.
System memory in use after: 85.2 MB.

Unloading 12 unused Assets to reduce memory usage. Loaded Objects now: 2365.
Total: 2.325100 ms (FindLiveObjects: 0.198400 ms CreateObjectMapping: 0.074600 ms MarkObjects: 1.922800 ms  DeleteObjects: 0.128100 ms)

========================================================================
Received Prepare
Registering precompiled user dll's ...
Registered in 0.001175 seconds.
Begin MonoManager ReloadAssembly
Native extension for WindowsStandalone target not found
Refreshing native plugins compatible for Editor in 0.35 ms, found 1 plugins.
Preloading 0 native plugins for Editor in 0.00 ms.
Mono: successfully reloaded assembly
- Completed reload, in  0.983 seconds
Platform modules already initialized, skipping
Refreshing native plugins compatible for Editor in 0.36 ms, found 1 plugins.
Preloading 0 native plugins for Editor in 0.00 ms.
Unloading 1810 Unused Serialized files (Serialized files now loaded: 0)
System memory in use before: 85.3 MB.
System memory in use after: 85.2 MB.

Unloading 12 unused Assets to reduce memory usage. Loaded Objects now: 2369.
Total: 2.260500 ms (FindLiveObjects: 0.183400 ms CreateObjectMapping: 0.069000 ms MarkObjects: 1.854900 ms  DeleteObjects: 0.152200 ms)

========================================================================
Received Prepare
Registering precompiled user dll's ...
Registered in 0.000933 seconds.
Begin MonoManager ReloadAssembly
Native extension for WindowsStandalone target not found
Refreshing native plugins compatible for Editor in 0.36 ms, found 1 plugins.
Preloading 0 native plugins for Editor in 0.00 ms.
Mono: successfully reloaded assembly
- Completed reload, in  1.063 seconds
Platform modules already initialized, skipping
Refreshing native plugins compatible for Editor in 0.36 ms, found 1 plugins.
Preloading 0 native plugins for Editor in 0.00 ms.
Unloading 1810 Unused Serialized files (Serialized files now loaded: 0)
System memory in use before: 85.3 MB.
System memory in use after: 85.2 MB.

Unloading 12 unused Assets to reduce memory usage. Loaded Objects now: 2373.
Total: 2.556700 ms (FindLiveObjects: 0.233400 ms CreateObjectMapping: 0.084600 ms MarkObjects: 2.084200 ms  DeleteObjects: 0.153200 ms)

========================================================================
Received Prepare
Registering precompiled user dll's ...
Registered in 0.000852 seconds.
Begin MonoManager ReloadAssembly
Native extension for WindowsStandalone target not found
Refreshing native plugins compatible for Editor in 0.35 ms, found 1 plugins.
Preloading 0 native plugins for Editor in 0.00 ms.
Mono: successfully reloaded assembly
- Completed reload, in  0.992 seconds
Platform modules already initialized, skipping
Refreshing native plugins compatible for Editor in 0.41 ms, found 1 plugins.
Preloading 0 native plugins for Editor in 0.00 ms.
Unloading 1810 Unused Serialized files (Serialized files now loaded: 0)
System memory in use before: 85.3 MB.
System memory in use after: 85.3 MB.

Unloading 12 unused Assets to reduce memory usage. Loaded Objects now: 2377.
Total: 2.266800 ms (FindLiveObjects: 0.239200 ms CreateObjectMapping: 0.071100 ms MarkObjects: 1.799300 ms  DeleteObjects: 0.156100 ms)

========================================================================
Received Prepare
Registering precompiled user dll's ...
Registered in 0.000901 seconds.
Begin MonoManager ReloadAssembly
Native extension for WindowsStandalone target not found
Refreshing native plugins compatible for Editor in 0.38 ms, found 1 plugins.
Preloading 0 native plugins for Editor in 0.00 ms.
Mono: successfully reloaded assembly
- Completed reload, in  0.960 seconds
Platform modules already initialized, skipping
Refreshing native plugins compatible for Editor in 0.39 ms, found 1 plugins.
Preloading 0 native plugins for Editor in 0.00 ms.
Unloading 1810 Unused Serialized files (Serialized files now loaded: 0)
System memory in use before: 85.3 MB.
System memory in use after: 85.3 MB.

Unloading 12 unused Assets to reduce memory usage. Loaded Objects now: 2381.
Total: 2.354100 ms (FindLiveObjects: 0.255100 ms CreateObjectMapping: 0.069800 ms MarkObjects: 1.873800 ms  DeleteObjects: 0.154200 ms)

========================================================================
Received Import Request.
  Time since last request: 1068.325844 seconds.
  path: Assets/Sprites/Enemy/Mace&Saw&Spike
  artifactKey: Guid(80a9c4b1171607d4b8b86b08cbeb4eee) Importer(815301076,1909f56bfc062723c751e8b465ee728b)
Start importing Assets/Sprites/Enemy/Mace&Saw&Spike using Guid(80a9c4b1171607d4b8b86b08cbeb4eee) Importer(815301076,1909f56bfc062723c751e8b465ee728b)  -> (artifact id: 'd4d465f37a220b63a0e6199eab58b68b') in 0.020989 seconds
  Import took 0.036569 seconds .

========================================================================
Received Import Request.
  Time since last request: 0.325751 seconds.
  path: Assets/Sprites/Enemy/Mace&Saw&Spike/Mace.png
  artifactKey: Guid(28a2c09e8888bf74094a0ef00d458c4f) Importer(815301076,1909f56bfc062723c751e8b465ee728b)
Start importing Assets/Sprites/Enemy/Mace&Saw&Spike/Mace.png using Guid(28a2c09e8888bf74094a0ef00d458c4f) Importer(815301076,1909f56bfc062723c751e8b465ee728b)  -> (artifact id: '77d533482be62314c41c1fb25f3e89d4') in 0.199526 seconds
  Import took 0.204133 seconds .

========================================================================
Received Import Request.
  Time since last request: 0.000383 seconds.
  path: Assets/Sprites/Enemy/Mace&Saw&Spike/Spike_Left&Right.png
  artifactKey: Guid(8298935a1e54c8b47a86710bbec323c4) Importer(815301076,1909f56bfc062723c751e8b465ee728b)
Start importing Assets/Sprites/Enemy/Mace&Saw&Spike/Spike_Left&Right.png using Guid(8298935a1e54c8b47a86710bbec323c4) Importer(815301076,1909f56bfc062723c751e8b465ee728b)  -> (artifact id: 'e17300288c0ebb6c2f094bd33ebe9c90') in 0.024296 seconds
  Import took 0.039242 seconds .

========================================================================
Received Import Request.
  Time since last request: 0.000481 seconds.
  path: Assets/Sprites/Enemy/Mace&Saw&Spike/Spike_Down.png
  artifactKey: Guid(fb3b62ca1098cb044ac6ecc69fe8026d) Importer(815301076,1909f56bfc062723c751e8b465ee728b)
Start importing Assets/Sprites/Enemy/Mace&Saw&Spike/Spike_Down.png using Guid(fb3b62ca1098cb044ac6ecc69fe8026d) Importer(815301076,1909f56bfc062723c751e8b465ee728b)  -> (artifact id: 'feb6c34135a79daaa0ff2b5baea87143') in 0.015886 seconds
  Import took 0.025977 seconds .

========================================================================
Received Import Request.
  Time since last request: 0.000333 seconds.
  path: Assets/Sprites/Enemy/Mace&Saw&Spike/Spike_Up.png
  artifactKey: Guid(7510323f0ca7e42478718158f8c5a04d) Importer(815301076,1909f56bfc062723c751e8b465ee728b)
Start importing Assets/Sprites/Enemy/Mace&Saw&Spike/Spike_Up.png using Guid(7510323f0ca7e42478718158f8c5a04d) Importer(815301076,1909f56bfc062723c751e8b465ee728b)  -> (artifact id: 'd7d4ef4dd4485897e9c8b18367e52754') in 0.009896 seconds
  Import took 0.013236 seconds .

========================================================================
Received Import Request.
  Time since last request: 0.000307 seconds.
  path: Assets/Sprites/Enemy/Mace&Saw&Spike/Saw.png
  artifactKey: Guid(b7e5934140f53494b95f8733412aecc9) Importer(815301076,1909f56bfc062723c751e8b465ee728b)
Start importing Assets/Sprites/Enemy/Mace&Saw&Spike/Saw.png using Guid(b7e5934140f53494b95f8733412aecc9) Importer(815301076,1909f56bfc062723c751e8b465ee728b)  -> (artifact id: '30b0f7d0914b88d97a591288103bbe5e') in 0.028912 seconds
  Import took 0.032157 seconds .

========================================================================
Received Import Request.
  Time since last request: 0.001761 seconds.
  path: Assets/Sprites/Enemy/Mace&Saw&Spike/Saw.png
  artifactKey: Guid(b7e5934140f53494b95f8733412aecc9) Importer(815301076,1909f56bfc062723c751e8b465ee728b)
Start importing Assets/Sprites/Enemy/Mace&Saw&Spike/Saw.png using Guid(b7e5934140f53494b95f8733412aecc9) Importer(815301076,1909f56bfc062723c751e8b465ee728b)  -> (artifact id: '30b0f7d0914b88d97a591288103bbe5e') in 0.010412 seconds
  Import took 0.013613 seconds .

========================================================================
Received Import Request.
  Time since last request: 38.381473 seconds.
  path: Assets/Sprites/Enemy/Square.png
  artifactKey: Guid(1f5746da3e477bc4180d8e1fb6302553) Importer(815301076,1909f56bfc062723c751e8b465ee728b)
Start importing Assets/Sprites/Enemy/Square.png using Guid(1f5746da3e477bc4180d8e1fb6302553) Importer(815301076,1909f56bfc062723c751e8b465ee728b)  -> (artifact id: '66ba81777b112197186f13f0fbd37012') in 0.010720 seconds
  Import took 0.040736 seconds .

========================================================================
Received Import Request.
  Time since last request: 14.887570 seconds.
  path: Assets/Sprites/Enemy/Chain-1.png
  artifactKey: Guid(30b7aa843fc2898439c5f47f1cde8ca8) Importer(815301076,1909f56bfc062723c751e8b465ee728b)
Start importing Assets/Sprites/Enemy/Chain-1.png using Guid(30b7aa843fc2898439c5f47f1cde8ca8) Importer(815301076,1909f56bfc062723c751e8b465ee728b)  -> (artifact id: '26224e23d0c516e29fb84d4e3be2942c') in 0.009943 seconds
  Import took 0.027978 seconds .

========================================================================
Received Import Request.
  Time since last request: 198.968704 seconds.
  path: Assets/Scripts/Gun.cs
  artifactKey: Guid(7328749fe7b1a5e4a9a98efe02ac8a9f) Importer(815301076,1909f56bfc062723c751e8b465ee728b)
Start importing Assets/Scripts/Gun.cs using Guid(7328749fe7b1a5e4a9a98efe02ac8a9f) Importer(815301076,1909f56bfc062723c751e8b465ee728b)  -> (artifact id: '3df8acdbef10bdf00407b42d33b56a19') in 0.018135 seconds
  Import took 0.035659 seconds .

========================================================================
Received Prepare
Registering precompiled user dll's ...
Registered in 0.000829 seconds.
Begin MonoManager ReloadAssembly
Native extension for WindowsStandalone target not found
Refreshing native plugins compatible for Editor in 0.37 ms, found 1 plugins.
Preloading 0 native plugins for Editor in 0.00 ms.
Mono: successfully reloaded assembly
- Completed reload, in  1.037 seconds
Platform modules already initialized, skipping
Refreshing native plugins compatible for Editor in 0.37 ms, found 1 plugins.
Preloading 0 native plugins for Editor in 0.00 ms.
Unloading 1811 Unused Serialized files (Serialized files now loaded: 0)
System memory in use before: 88.4 MB.
System memory in use after: 88.4 MB.

Unloading 12 unused Assets to reduce memory usage. Loaded Objects now: 2398.
Total: 2.936500 ms (FindLiveObjects: 0.486700 ms CreateObjectMapping: 0.105000 ms MarkObjects: 2.218100 ms  DeleteObjects: 0.125000 ms)

========================================================================
Received Prepare
Registering precompiled user dll's ...
Registered in 0.001051 seconds.
Begin MonoManager ReloadAssembly
Native extension for WindowsStandalone target not found
Refreshing native plugins compatible for Editor in 0.35 ms, found 1 plugins.
Preloading 0 native plugins for Editor in 0.00 ms.
Mono: successfully reloaded assembly
- Completed reload, in  0.945 seconds
Platform modules already initialized, skipping
Refreshing native plugins compatible for Editor in 0.46 ms, found 1 plugins.
Preloading 0 native plugins for Editor in 0.00 ms.
Unloading 1811 Unused Serialized files (Serialized files now loaded: 0)
System memory in use before: 88.4 MB.
System memory in use after: 88.4 MB.

Unloading 12 unused Assets to reduce memory usage. Loaded Objects now: 2402.
Total: 2.449000 ms (FindLiveObjects: 0.194500 ms CreateObjectMapping: 0.073900 ms MarkObjects: 2.036000 ms  DeleteObjects: 0.143800 ms)

========================================================================
Received Import Request.
  Time since last request: 101.477579 seconds.
  path: Assets/Scripts/Gun.cs
  artifactKey: Guid(7328749fe7b1a5e4a9a98efe02ac8a9f) Importer(815301076,1909f56bfc062723c751e8b465ee728b)
Start importing Assets/Scripts/Gun.cs using Guid(7328749fe7b1a5e4a9a98efe02ac8a9f) Importer(815301076,1909f56bfc062723c751e8b465ee728b)  -> (artifact id: '95cedf4333248681520e0e92b4e0cd8e') in 0.004143 seconds
  Import took 0.007185 seconds .

========================================================================
Received Prepare
Registering precompiled user dll's ...
Registered in 0.001040 seconds.
Begin MonoManager ReloadAssembly
Native extension for WindowsStandalone target not found
Refreshing native plugins compatible for Editor in 0.37 ms, found 1 plugins.
Preloading 0 native plugins for Editor in 0.00 ms.
Mono: successfully reloaded assembly
- Completed reload, in  0.937 seconds
Platform modules already initialized, skipping
Refreshing native plugins compatible for Editor in 0.37 ms, found 1 plugins.
Preloading 0 native plugins for Editor in 0.00 ms.
Unloading 1811 Unused Serialized files (Serialized files now loaded: 0)
System memory in use before: 88.4 MB.
System memory in use after: 88.4 MB.

Unloading 12 unused Assets to reduce memory usage. Loaded Objects now: 2406.
Total: 2.424400 ms (FindLiveObjects: 0.234900 ms CreateObjectMapping: 0.079300 ms MarkObjects: 1.950600 ms  DeleteObjects: 0.158900 ms)

========================================================================
Received Prepare
Registering precompiled user dll's ...
Registered in 0.000778 seconds.
Begin MonoManager ReloadAssembly
Native extension for WindowsStandalone target not found
Refreshing native plugins compatible for Editor in 0.51 ms, found 1 plugins.
Preloading 0 native plugins for Editor in 0.00 ms.
Mono: successfully reloaded assembly
- Completed reload, in  0.924 seconds
Platform modules already initialized, skipping
Refreshing native plugins compatible for Editor in 0.39 ms, found 1 plugins.
Preloading 0 native plugins for Editor in 0.00 ms.
Unloading 1811 Unused Serialized files (Serialized files now loaded: 0)
System memory in use before: 88.4 MB.
System memory in use after: 88.4 MB.

Unloading 12 unused Assets to reduce memory usage. Loaded Objects now: 2410.
Total: 2.174800 ms (FindLiveObjects: 0.204000 ms CreateObjectMapping: 0.073800 ms MarkObjects: 1.763600 ms  DeleteObjects: 0.131800 ms)

========================================================================
Received Prepare
Registering precompiled user dll's ...
Registered in 0.001240 seconds.
Begin MonoManager ReloadAssembly
Native extension for WindowsStandalone target not found
Refreshing native plugins compatible for Editor in 0.36 ms, found 1 plugins.
Preloading 0 native plugins for Editor in 0.00 ms.
Mono: successfully reloaded assembly
- Completed reload, in  0.938 seconds
Platform modules already initialized, skipping
Refreshing native plugins compatible for Editor in 0.38 ms, found 1 plugins.
Preloading 0 native plugins for Editor in 0.00 ms.
Unloading 1811 Unused Serialized files (Serialized files now loaded: 0)
System memory in use before: 88.4 MB.
System memory in use after: 88.4 MB.

Unloading 12 unused Assets to reduce memory usage. Loaded Objects now: 2414.
Total: 2.217500 ms (FindLiveObjects: 0.211100 ms CreateObjectMapping: 0.075300 ms MarkObjects: 1.774300 ms  DeleteObjects: 0.155500 ms)

========================================================================
Received Prepare
Registering precompiled user dll's ...
Registered in 0.001098 seconds.
Begin MonoManager ReloadAssembly
Native extension for WindowsStandalone target not found
Refreshing native plugins compatible for Editor in 0.84 ms, found 1 plugins.
Preloading 0 native plugins for Editor in 0.00 ms.
Mono: successfully reloaded assembly
- Completed reload, in  0.909 seconds
Platform modules already initialized, skipping
Refreshing native plugins compatible for Editor in 0.42 ms, found 1 plugins.
Preloading 0 native plugins for Editor in 0.00 ms.
Unloading 1811 Unused Serialized files (Serialized files now loaded: 0)
System memory in use before: 88.4 MB.
System memory in use after: 88.4 MB.

Unloading 12 unused Assets to reduce memory usage. Loaded Objects now: 2418.
Total: 2.194600 ms (FindLiveObjects: 0.204500 ms CreateObjectMapping: 0.081300 ms MarkObjects: 1.779600 ms  DeleteObjects: 0.128200 ms)

========================================================================
Received Prepare
Registering precompiled user dll's ...
Registered in 0.000785 seconds.
Begin MonoManager ReloadAssembly
Native extension for WindowsStandalone target not found
Refreshing native plugins compatible for Editor in 0.40 ms, found 1 plugins.
Preloading 0 native plugins for Editor in 0.00 ms.
Mono: successfully reloaded assembly
- Completed reload, in  0.924 seconds
Platform modules already initialized, skipping
Refreshing native plugins compatible for Editor in 0.38 ms, found 1 plugins.
Preloading 0 native plugins for Editor in 0.00 ms.
Unloading 1811 Unused Serialized files (Serialized files now loaded: 0)
System memory in use before: 88.4 MB.
System memory in use after: 88.4 MB.

Unloading 12 unused Assets to reduce memory usage. Loaded Objects now: 2422.
Total: 2.384400 ms (FindLiveObjects: 0.237900 ms CreateObjectMapping: 0.074800 ms MarkObjects: 1.941200 ms  DeleteObjects: 0.129500 ms)

========================================================================
Received Prepare
Registering precompiled user dll's ...
Registered in 0.000892 seconds.
Begin MonoManager ReloadAssembly
Native extension for WindowsStandalone target not found
Refreshing native plugins compatible for Editor in 0.37 ms, found 1 plugins.
Preloading 0 native plugins for Editor in 0.00 ms.
Mono: successfully reloaded assembly
- Completed reload, in  0.921 seconds
Platform modules already initialized, skipping
Refreshing native plugins compatible for Editor in 0.39 ms, found 1 plugins.
Preloading 0 native plugins for Editor in 0.00 ms.
Unloading 1811 Unused Serialized files (Serialized files now loaded: 0)
System memory in use before: 88.5 MB.
System memory in use after: 88.4 MB.

Unloading 12 unused Assets to reduce memory usage. Loaded Objects now: 2426.
Total: 2.250100 ms (FindLiveObjects: 0.226200 ms CreateObjectMapping: 0.072900 ms MarkObjects: 1.799400 ms  DeleteObjects: 0.149900 ms)

========================================================================
Received Prepare
Registering precompiled user dll's ...
Registered in 0.000850 seconds.
Begin MonoManager ReloadAssembly
Native extension for WindowsStandalone target not found
Refreshing native plugins compatible for Editor in 0.45 ms, found 1 plugins.
Preloading 0 native plugins for Editor in 0.00 ms.
Mono: successfully reloaded assembly
- Completed reload, in  0.913 seconds
Platform modules already initialized, skipping
Refreshing native plugins compatible for Editor in 0.39 ms, found 1 plugins.
Preloading 0 native plugins for Editor in 0.00 ms.
Unloading 1811 Unused Serialized files (Serialized files now loaded: 0)
System memory in use before: 88.5 MB.
System memory in use after: 88.4 MB.

Unloading 12 unused Assets to reduce memory usage. Loaded Objects now: 2430.
Total: 2.149400 ms (FindLiveObjects: 0.206300 ms CreateObjectMapping: 0.084400 ms MarkObjects: 1.741900 ms  DeleteObjects: 0.115400 ms)

========================================================================
Received Prepare
Registering precompiled user dll's ...
Registered in 0.000788 seconds.
Begin MonoManager ReloadAssembly
Native extension for WindowsStandalone target not found
Refreshing native plugins compatible for Editor in 0.38 ms, found 1 plugins.
Preloading 0 native plugins for Editor in 0.00 ms.
Mono: successfully reloaded assembly
- Completed reload, in  0.950 seconds
Platform modules already initialized, skipping
Refreshing native plugins compatible for Editor in 0.40 ms, found 1 plugins.
Preloading 0 native plugins for Editor in 0.00 ms.
Unloading 1811 Unused Serialized files (Serialized files now loaded: 0)
System memory in use before: 88.5 MB.
System memory in use after: 88.5 MB.

Unloading 12 unused Assets to reduce memory usage. Loaded Objects now: 2434.
Total: 2.477500 ms (FindLiveObjects: 0.208500 ms CreateObjectMapping: 0.094400 ms MarkObjects: 2.042900 ms  DeleteObjects: 0.130300 ms)

========================================================================
Received Prepare
Registering precompiled user dll's ...
Registered in 0.000790 seconds.
Begin MonoManager ReloadAssembly
Native extension for WindowsStandalone target not found
Refreshing native plugins compatible for Editor in 0.39 ms, found 1 plugins.
Preloading 0 native plugins for Editor in 0.00 ms.
Mono: successfully reloaded assembly
- Completed reload, in  0.919 seconds
Platform modules already initialized, skipping
Refreshing native plugins compatible for Editor in 0.39 ms, found 1 plugins.
Preloading 0 native plugins for Editor in 0.00 ms.
Unloading 1811 Unused Serialized files (Serialized files now loaded: 0)
System memory in use before: 88.5 MB.
System memory in use after: 88.5 MB.

Unloading 12 unused Assets to reduce memory usage. Loaded Objects now: 2438.
Total: 2.301700 ms (FindLiveObjects: 0.199600 ms CreateObjectMapping: 0.073800 ms MarkObjects: 1.877800 ms  DeleteObjects: 0.149400 ms)

========================================================================
Received Import Request.
  Time since last request: 1088.139049 seconds.
  path: Assets/Scripts/Gun.cs
  artifactKey: Guid(7328749fe7b1a5e4a9a98efe02ac8a9f) Importer(815301076,1909f56bfc062723c751e8b465ee728b)
Start importing Assets/Scripts/Gun.cs using Guid(7328749fe7b1a5e4a9a98efe02ac8a9f) Importer(815301076,1909f56bfc062723c751e8b465ee728b)  -> (artifact id: 'b7fb5ad658f0c0846bc0645f59a9f137') in 0.005050 seconds
  Import took 0.030268 seconds .

========================================================================
Received Import Request.
  Time since last request: 0.011291 seconds.
  path: Assets/Scripts/Gun.cs
  artifactKey: Guid(7328749fe7b1a5e4a9a98efe02ac8a9f) Importer(815301076,1909f56bfc062723c751e8b465ee728b)
Start importing Assets/Scripts/Gun.cs using Guid(7328749fe7b1a5e4a9a98efe02ac8a9f) Importer(815301076,1909f56bfc062723c751e8b465ee728b)  -> (artifact id: 'b7fb5ad658f0c0846bc0645f59a9f137') in 0.001662 seconds
  Import took 0.005279 seconds .

========================================================================
Received Prepare
Registering precompiled user dll's ...
Registered in 0.000935 seconds.
Begin MonoManager ReloadAssembly
Native extension for WindowsStandalone target not found
Refreshing native plugins compatible for Editor in 0.41 ms, found 1 plugins.
Preloading 0 native plugins for Editor in 0.00 ms.
Mono: successfully reloaded assembly
- Completed reload, in  0.901 seconds
Platform modules already initialized, skipping
Refreshing native plugins compatible for Editor in 0.54 ms, found 1 plugins.
Preloading 0 native plugins for Editor in 0.00 ms.
Unloading 1811 Unused Serialized files (Serialized files now loaded: 0)
System memory in use before: 88.5 MB.
System memory in use after: 88.5 MB.

Unloading 12 unused Assets to reduce memory usage. Loaded Objects now: 2442.
Total: 2.321500 ms (FindLiveObjects: 0.208100 ms CreateObjectMapping: 0.074300 ms MarkObjects: 1.879600 ms  DeleteObjects: 0.158600 ms)

AssetImportWorkerClient::OnTransportError - code=2 error=End of file
