Using pre-set license
Built from '2020.3/staging' branch; Version is '2020.3.4f1 (0abb6314276a) revision 703331'; Using compiler version '192528614'; Build Type 'Release'
OS: 'Windows 10 Pro; OS build 19042.1466; Version 2009; 64bit' Language: 'ru' Physical Memory: 16318 MB
BatchMode: 1, IsHumanControllingUs: 0, StartBugReporterOnCrash: 0, Is64bit: 1, IsPro: 0

 COMMAND LINE ARGUMENTS:
E:\2020.3.4f1\Editor\Unity.exe
-adb2
-batchMode
-noUpm
-name
AssetImportWorker0
-projectPath
E:/Project/Platformer 2D
-logFile
Logs/AssetImportWorker0.log
-srvPort
63927
Successfully changed project path to: E:/Project/Platformer 2D
E:/Project/Platformer 2D
Using Asset Import Pipeline V2.
Refreshing native plugins compatible for Editor in 44.31 ms, found 1 plugins.
Preloading 0 native plugins for Editor in 0.00 ms.
Initialize engine version: 2020.3.4f1 (0abb6314276a)
[Subsystems] Discovering subsystems at path E:/2020.3.4f1/Editor/Data/Resources/UnitySubsystems
[Subsystems] Discovering subsystems at path E:/Project/Platformer 2D/Assets
GfxDevice: creating device client; threaded=0
Direct3D:
    Version:  Direct3D 11.0 [level 11.1]
    Renderer: NVIDIA GeForce GTX 1660 (ID=0x2184)
    Vendor:   
    VRAM:     5991 MB
    Driver:   30.0.15.1123
Initialize mono
Mono path[0] = 'E:/2020.3.4f1/Editor/Data/Managed'
Mono path[1] = 'E:/2020.3.4f1/Editor/Data/MonoBleedingEdge/lib/mono/unityjit'
Mono config path = 'E:/2020.3.4f1/Editor/Data/MonoBleedingEdge/etc'
Using monoOptions --debugger-agent=transport=dt_socket,embedding=1,server=y,suspend=n,address=127.0.0.1:56028
Begin MonoManager ReloadAssembly
Registering precompiled unity dll's ...
Register platform support module: E:/2020.3.4f1/Editor/Data/PlaybackEngines/WindowsStandaloneSupport/UnityEditor.WindowsStandalone.Extensions.dll
Registered in 0.001250 seconds.
Native extension for WindowsStandalone target not found
Refreshing native plugins compatible for Editor in 55.17 ms, found 1 plugins.
Preloading 0 native plugins for Editor in 0.00 ms.
Mono: successfully reloaded assembly
- Completed reload, in  2.408 seconds
Platform modules already initialized, skipping
Registering precompiled user dll's ...
Registered in 0.000936 seconds.
Begin MonoManager ReloadAssembly
Native extension for WindowsStandalone target not found
Refreshing native plugins compatible for Editor in 48.42 ms, found 1 plugins.
Preloading 0 native plugins for Editor in 0.00 ms.
Mono: successfully reloaded assembly
- Completed reload, in  1.282 seconds
Platform modules already initialized, skipping
========================================================================
Worker process is ready to serve import requests
Launched and connected shader compiler UnityShaderCompiler.exe after 0.07 seconds
Refreshing native plugins compatible for Editor in 2.60 ms, found 1 plugins.
Preloading 0 native plugins for Editor in 0.00 ms.
Unloading 1816 Unused Serialized files (Serialized files now loaded: 0)
System memory in use before: 85.0 MB.
System memory in use after: 84.9 MB.

Unloading 24 unused Assets to reduce memory usage. Loaded Objects now: 2258.
Total: 93.515500 ms (FindLiveObjects: 0.588300 ms CreateObjectMapping: 22.753200 ms MarkObjects: 17.322300 ms  DeleteObjects: 52.849900 ms)

========================================================================
Received Import Request.
  path: Assets/Scripts/Main.cs
  artifactKey: Guid(6b9eb32d32e41ce4dbe688eb4a93c4bd) Importer(815301076,1909f56bfc062723c751e8b465ee728b)
Start importing Assets/Scripts/Main.cs using Guid(6b9eb32d32e41ce4dbe688eb4a93c4bd) Importer(815301076,1909f56bfc062723c751e8b465ee728b)  -> (artifact id: '6f242b33be3a57a3ffd47878bc58d2e6') in 0.080370 seconds
  Import took 0.083490 seconds .

========================================================================
Received Import Request.
  Time since last request: 20.163373 seconds.
  path: Assets/Scripts/Gun.cs
  artifactKey: Guid(7328749fe7b1a5e4a9a98efe02ac8a9f) Importer(815301076,1909f56bfc062723c751e8b465ee728b)
Start importing Assets/Scripts/Gun.cs using Guid(7328749fe7b1a5e4a9a98efe02ac8a9f) Importer(815301076,1909f56bfc062723c751e8b465ee728b)  -> (artifact id: 'd4223a61cd489417f1afb5bbac1dda86') in 0.003054 seconds
  Import took 0.022233 seconds .

========================================================================
Received Prepare
Registering precompiled user dll's ...
Registered in 0.000977 seconds.
Begin MonoManager ReloadAssembly
Native extension for WindowsStandalone target not found
Refreshing native plugins compatible for Editor in 0.46 ms, found 1 plugins.
Preloading 0 native plugins for Editor in 0.00 ms.
Mono: successfully reloaded assembly
- Completed reload, in  1.150 seconds
Platform modules already initialized, skipping
Refreshing native plugins compatible for Editor in 0.39 ms, found 1 plugins.
Preloading 0 native plugins for Editor in 0.00 ms.
Unloading 1811 Unused Serialized files (Serialized files now loaded: 0)
System memory in use before: 85.0 MB.
System memory in use after: 84.9 MB.

Unloading 12 unused Assets to reduce memory usage. Loaded Objects now: 2262.
Total: 2.014200 ms (FindLiveObjects: 0.191000 ms CreateObjectMapping: 0.070400 ms MarkObjects: 1.633500 ms  DeleteObjects: 0.118100 ms)

========================================================================
Received Prepare
Registering precompiled user dll's ...
Registered in 0.001101 seconds.
Begin MonoManager ReloadAssembly
Native extension for WindowsStandalone target not found
Refreshing native plugins compatible for Editor in 0.37 ms, found 1 plugins.
Preloading 0 native plugins for Editor in 0.00 ms.
Mono: successfully reloaded assembly
- Completed reload, in  0.994 seconds
Platform modules already initialized, skipping
Refreshing native plugins compatible for Editor in 0.37 ms, found 1 plugins.
Preloading 0 native plugins for Editor in 0.00 ms.
Unloading 1811 Unused Serialized files (Serialized files now loaded: 0)
System memory in use before: 85.0 MB.
System memory in use after: 85.0 MB.

Unloading 12 unused Assets to reduce memory usage. Loaded Objects now: 2266.
Total: 2.562800 ms (FindLiveObjects: 0.261300 ms CreateObjectMapping: 0.126700 ms MarkObjects: 2.044300 ms  DeleteObjects: 0.129200 ms)

========================================================================
Received Prepare
Registering precompiled user dll's ...
Registered in 0.001045 seconds.
Begin MonoManager ReloadAssembly
Native extension for WindowsStandalone target not found
Refreshing native plugins compatible for Editor in 0.47 ms, found 1 plugins.
Preloading 0 native plugins for Editor in 0.00 ms.
Mono: successfully reloaded assembly
- Completed reload, in  1.080 seconds
Platform modules already initialized, skipping
Refreshing native plugins compatible for Editor in 0.37 ms, found 1 plugins.
Preloading 0 native plugins for Editor in 0.00 ms.
Unloading 1811 Unused Serialized files (Serialized files now loaded: 0)
System memory in use before: 85.0 MB.
System memory in use after: 85.0 MB.

Unloading 12 unused Assets to reduce memory usage. Loaded Objects now: 2270.
Total: 2.309200 ms (FindLiveObjects: 0.262800 ms CreateObjectMapping: 0.091000 ms MarkObjects: 1.797100 ms  DeleteObjects: 0.157000 ms)

========================================================================
Received Import Request.
  Time since last request: 162.518731 seconds.
  path: Assets/Scripts/GunView.cs
  artifactKey: Guid(fb6912f67c8e0b741a5d1c0911ce552e) Importer(815301076,1909f56bfc062723c751e8b465ee728b)
Start importing Assets/Scripts/GunView.cs using Guid(fb6912f67c8e0b741a5d1c0911ce552e) Importer(815301076,1909f56bfc062723c751e8b465ee728b)  -> (artifact id: '35c444e66d0f9a718c6bb74c075d86ea') in 0.006534 seconds
  Import took 0.021370 seconds .

========================================================================
Received Prepare
Registering precompiled user dll's ...
Registered in 0.001110 seconds.
Begin MonoManager ReloadAssembly
Native extension for WindowsStandalone target not found
Refreshing native plugins compatible for Editor in 0.35 ms, found 1 plugins.
Preloading 0 native plugins for Editor in 0.00 ms.
Mono: successfully reloaded assembly
- Completed reload, in  1.221 seconds
Platform modules already initialized, skipping
Refreshing native plugins compatible for Editor in 0.43 ms, found 1 plugins.
Preloading 0 native plugins for Editor in 0.00 ms.
Unloading 1812 Unused Serialized files (Serialized files now loaded: 0)
System memory in use before: 85.0 MB.
System memory in use after: 85.0 MB.

Unloading 12 unused Assets to reduce memory usage. Loaded Objects now: 2275.
Total: 2.477800 ms (FindLiveObjects: 0.193000 ms CreateObjectMapping: 0.084200 ms MarkObjects: 2.056900 ms  DeleteObjects: 0.142500 ms)

========================================================================
Received Prepare
Registering precompiled user dll's ...
Registered in 0.000909 seconds.
Begin MonoManager ReloadAssembly
Native extension for WindowsStandalone target not found
Refreshing native plugins compatible for Editor in 0.39 ms, found 1 plugins.
Preloading 0 native plugins for Editor in 0.00 ms.
Mono: successfully reloaded assembly
- Completed reload, in  0.974 seconds
Platform modules already initialized, skipping
Refreshing native plugins compatible for Editor in 0.36 ms, found 1 plugins.
Preloading 0 native plugins for Editor in 0.00 ms.
Unloading 1812 Unused Serialized files (Serialized files now loaded: 0)
System memory in use before: 85.0 MB.
System memory in use after: 85.0 MB.

Unloading 12 unused Assets to reduce memory usage. Loaded Objects now: 2279.
Total: 2.480200 ms (FindLiveObjects: 0.229600 ms CreateObjectMapping: 0.064300 ms MarkObjects: 2.030000 ms  DeleteObjects: 0.155200 ms)

========================================================================
Received Import Request.
  Time since last request: 72.333675 seconds.
  path: Assets/Scripts/GunView.cs
  artifactKey: Guid(fb6912f67c8e0b741a5d1c0911ce552e) Importer(815301076,1909f56bfc062723c751e8b465ee728b)
Start importing Assets/Scripts/GunView.cs using Guid(fb6912f67c8e0b741a5d1c0911ce552e) Importer(815301076,1909f56bfc062723c751e8b465ee728b)  -> (artifact id: '7c12fd33330778ab4e466423c4a643fd') in 0.004320 seconds
  Import took 0.010533 seconds .

========================================================================
Received Import Request.
  Time since last request: 121.736333 seconds.
  path: Assets/Prefab
  artifactKey: Guid(bda4bdd4b2e0afa47b4cdfb9c1851891) Importer(815301076,1909f56bfc062723c751e8b465ee728b)
Start importing Assets/Prefab using Guid(bda4bdd4b2e0afa47b4cdfb9c1851891) Importer(815301076,1909f56bfc062723c751e8b465ee728b)  -> (artifact id: 'c0af7177263da9994dceaf0f1dae35a3') in 0.004425 seconds
  Import took 0.015151 seconds .

========================================================================
Received Prepare
Registering precompiled user dll's ...
Registered in 0.000868 seconds.
Begin MonoManager ReloadAssembly
Native extension for WindowsStandalone target not found
Refreshing native plugins compatible for Editor in 0.58 ms, found 1 plugins.
Preloading 0 native plugins for Editor in 0.00 ms.
Mono: successfully reloaded assembly
- Completed reload, in  0.961 seconds
Platform modules already initialized, skipping
Refreshing native plugins compatible for Editor in 0.38 ms, found 1 plugins.
Preloading 0 native plugins for Editor in 0.00 ms.
Unloading 1812 Unused Serialized files (Serialized files now loaded: 0)
System memory in use before: 85.0 MB.
System memory in use after: 85.0 MB.

Unloading 12 unused Assets to reduce memory usage. Loaded Objects now: 2283.
Total: 2.435700 ms (FindLiveObjects: 0.238000 ms CreateObjectMapping: 0.144200 ms MarkObjects: 1.896800 ms  DeleteObjects: 0.155600 ms)

========================================================================
Received Import Request.
  Time since last request: 115.394641 seconds.
  path: Assets/Scripts/GunView.cs
  artifactKey: Guid(fb6912f67c8e0b741a5d1c0911ce552e) Importer(815301076,1909f56bfc062723c751e8b465ee728b)
Start importing Assets/Scripts/GunView.cs using Guid(fb6912f67c8e0b741a5d1c0911ce552e) Importer(815301076,1909f56bfc062723c751e8b465ee728b)  -> (artifact id: '0d6d7dd8fba6a2fccd535e3f08a39b9a') in 0.004612 seconds
  Import took 0.024041 seconds .

========================================================================
Received Prepare
Registering precompiled user dll's ...
Registered in 0.000934 seconds.
Begin MonoManager ReloadAssembly
Native extension for WindowsStandalone target not found
Refreshing native plugins compatible for Editor in 0.36 ms, found 1 plugins.
Preloading 0 native plugins for Editor in 0.00 ms.
Mono: successfully reloaded assembly
- Completed reload, in  0.956 seconds
Platform modules already initialized, skipping
Refreshing native plugins compatible for Editor in 0.40 ms, found 1 plugins.
Preloading 0 native plugins for Editor in 0.00 ms.
Unloading 1812 Unused Serialized files (Serialized files now loaded: 0)
System memory in use before: 85.1 MB.
System memory in use after: 85.0 MB.

Unloading 12 unused Assets to reduce memory usage. Loaded Objects now: 2287.
Total: 2.375200 ms (FindLiveObjects: 0.188100 ms CreateObjectMapping: 0.080400 ms MarkObjects: 1.931600 ms  DeleteObjects: 0.174400 ms)

========================================================================
Received Import Request.
  Time since last request: 14.531728 seconds.
  path: Assets/Scripts/GunView.cs
  artifactKey: Guid(fb6912f67c8e0b741a5d1c0911ce552e) Importer(815301076,1909f56bfc062723c751e8b465ee728b)
Start importing Assets/Scripts/GunView.cs using Guid(fb6912f67c8e0b741a5d1c0911ce552e) Importer(815301076,1909f56bfc062723c751e8b465ee728b)  -> (artifact id: '7da8b6085869eb5c8ed4b2d8556d532d') in 0.004083 seconds
  Import took 0.039643 seconds .

========================================================================
Received Prepare
Registering precompiled user dll's ...
Registered in 0.000790 seconds.
Begin MonoManager ReloadAssembly
Native extension for WindowsStandalone target not found
Refreshing native plugins compatible for Editor in 0.44 ms, found 1 plugins.
Preloading 0 native plugins for Editor in 0.00 ms.
Mono: successfully reloaded assembly
- Completed reload, in  0.920 seconds
Platform modules already initialized, skipping
Refreshing native plugins compatible for Editor in 0.44 ms, found 1 plugins.
Preloading 0 native plugins for Editor in 0.00 ms.
Unloading 1812 Unused Serialized files (Serialized files now loaded: 0)
System memory in use before: 85.1 MB.
System memory in use after: 85.0 MB.

Unloading 12 unused Assets to reduce memory usage. Loaded Objects now: 2291.
Total: 2.296800 ms (FindLiveObjects: 0.177700 ms CreateObjectMapping: 0.087200 ms MarkObjects: 1.891400 ms  DeleteObjects: 0.139500 ms)

========================================================================
Received Prepare
Registering precompiled user dll's ...
Registered in 0.000851 seconds.
Begin MonoManager ReloadAssembly
Native extension for WindowsStandalone target not found
Refreshing native plugins compatible for Editor in 0.42 ms, found 1 plugins.
Preloading 0 native plugins for Editor in 0.00 ms.
Mono: successfully reloaded assembly
- Completed reload, in  0.910 seconds
Platform modules already initialized, skipping
Refreshing native plugins compatible for Editor in 0.37 ms, found 1 plugins.
Preloading 0 native plugins for Editor in 0.00 ms.
Unloading 1812 Unused Serialized files (Serialized files now loaded: 0)
System memory in use before: 85.1 MB.
System memory in use after: 85.0 MB.

Unloading 12 unused Assets to reduce memory usage. Loaded Objects now: 2295.
Total: 2.140200 ms (FindLiveObjects: 0.195700 ms CreateObjectMapping: 0.071100 ms MarkObjects: 1.725800 ms  DeleteObjects: 0.146400 ms)

========================================================================
Received Prepare
Registering precompiled user dll's ...
Registered in 0.000974 seconds.
Begin MonoManager ReloadAssembly
Native extension for WindowsStandalone target not found
Refreshing native plugins compatible for Editor in 0.38 ms, found 1 plugins.
Preloading 0 native plugins for Editor in 0.00 ms.
Mono: successfully reloaded assembly
- Completed reload, in  0.904 seconds
Platform modules already initialized, skipping
Refreshing native plugins compatible for Editor in 0.39 ms, found 1 plugins.
Preloading 0 native plugins for Editor in 0.00 ms.
Unloading 1812 Unused Serialized files (Serialized files now loaded: 0)
System memory in use before: 85.1 MB.
System memory in use after: 85.1 MB.

Unloading 12 unused Assets to reduce memory usage. Loaded Objects now: 2299.
Total: 2.117900 ms (FindLiveObjects: 0.188400 ms CreateObjectMapping: 0.075100 ms MarkObjects: 1.684100 ms  DeleteObjects: 0.169300 ms)

========================================================================
Received Prepare
Registering precompiled user dll's ...
Registered in 0.000929 seconds.
Begin MonoManager ReloadAssembly
Native extension for WindowsStandalone target not found
Refreshing native plugins compatible for Editor in 0.39 ms, found 1 plugins.
Preloading 0 native plugins for Editor in 0.00 ms.
Mono: successfully reloaded assembly
- Completed reload, in  0.904 seconds
Platform modules already initialized, skipping
Refreshing native plugins compatible for Editor in 0.44 ms, found 1 plugins.
Preloading 0 native plugins for Editor in 0.00 ms.
Unloading 1812 Unused Serialized files (Serialized files now loaded: 0)
System memory in use before: 85.1 MB.
System memory in use after: 85.1 MB.

Unloading 12 unused Assets to reduce memory usage. Loaded Objects now: 2303.
Total: 2.209100 ms (FindLiveObjects: 0.201100 ms CreateObjectMapping: 0.143200 ms MarkObjects: 1.730600 ms  DeleteObjects: 0.132900 ms)

========================================================================
Received Prepare
Registering precompiled user dll's ...
Registered in 0.000932 seconds.
Begin MonoManager ReloadAssembly
Native extension for WindowsStandalone target not found
Refreshing native plugins compatible for Editor in 0.47 ms, found 1 plugins.
Preloading 0 native plugins for Editor in 0.00 ms.
Mono: successfully reloaded assembly
- Completed reload, in  0.937 seconds
Platform modules already initialized, skipping
Refreshing native plugins compatible for Editor in 0.36 ms, found 1 plugins.
Preloading 0 native plugins for Editor in 0.00 ms.
Unloading 1812 Unused Serialized files (Serialized files now loaded: 0)
System memory in use before: 85.1 MB.
System memory in use after: 85.1 MB.

Unloading 12 unused Assets to reduce memory usage. Loaded Objects now: 2307.
Total: 2.372900 ms (FindLiveObjects: 0.175900 ms CreateObjectMapping: 0.073900 ms MarkObjects: 1.988700 ms  DeleteObjects: 0.133300 ms)

========================================================================
Received Prepare
Registering precompiled user dll's ...
Registered in 0.000805 seconds.
Begin MonoManager ReloadAssembly
Native extension for WindowsStandalone target not found
Refreshing native plugins compatible for Editor in 0.48 ms, found 1 plugins.
Preloading 0 native plugins for Editor in 0.00 ms.
Mono: successfully reloaded assembly
- Completed reload, in  0.927 seconds
Platform modules already initialized, skipping
Refreshing native plugins compatible for Editor in 0.39 ms, found 1 plugins.
Preloading 0 native plugins for Editor in 0.00 ms.
Unloading 1812 Unused Serialized files (Serialized files now loaded: 0)
System memory in use before: 85.1 MB.
System memory in use after: 85.1 MB.

Unloading 12 unused Assets to reduce memory usage. Loaded Objects now: 2311.
Total: 2.487500 ms (FindLiveObjects: 0.177600 ms CreateObjectMapping: 0.071500 ms MarkObjects: 2.120500 ms  DeleteObjects: 0.117000 ms)

========================================================================
Received Prepare
Registering precompiled user dll's ...
Registered in 0.000816 seconds.
Begin MonoManager ReloadAssembly
Native extension for WindowsStandalone target not found
Refreshing native plugins compatible for Editor in 0.41 ms, found 1 plugins.
Preloading 0 native plugins for Editor in 0.00 ms.
Mono: successfully reloaded assembly
- Completed reload, in  0.937 seconds
Platform modules already initialized, skipping
Refreshing native plugins compatible for Editor in 0.36 ms, found 1 plugins.
Preloading 0 native plugins for Editor in 0.00 ms.
Unloading 1812 Unused Serialized files (Serialized files now loaded: 0)
System memory in use before: 85.1 MB.
System memory in use after: 85.1 MB.

Unloading 12 unused Assets to reduce memory usage. Loaded Objects now: 2315.
Total: 2.276600 ms (FindLiveObjects: 0.225500 ms CreateObjectMapping: 0.077400 ms MarkObjects: 1.825300 ms  DeleteObjects: 0.147200 ms)

========================================================================
Received Prepare
Registering precompiled user dll's ...
Registered in 0.000881 seconds.
Begin MonoManager ReloadAssembly
Native extension for WindowsStandalone target not found
Refreshing native plugins compatible for Editor in 0.42 ms, found 1 plugins.
Preloading 0 native plugins for Editor in 0.00 ms.
Mono: successfully reloaded assembly
- Completed reload, in  0.928 seconds
Platform modules already initialized, skipping
Refreshing native plugins compatible for Editor in 0.43 ms, found 1 plugins.
Preloading 0 native plugins for Editor in 0.00 ms.
Unloading 1812 Unused Serialized files (Serialized files now loaded: 0)
System memory in use before: 85.1 MB.
System memory in use after: 85.1 MB.

Unloading 12 unused Assets to reduce memory usage. Loaded Objects now: 2319.
Total: 2.243800 ms (FindLiveObjects: 0.196400 ms CreateObjectMapping: 0.079300 ms MarkObjects: 1.852900 ms  DeleteObjects: 0.114000 ms)

========================================================================
Received Import Request.
  Time since last request: 399.272741 seconds.
  path: Assets/Scripts/BulletView.cs
  artifactKey: Guid(44b51d1be789d2049a0d9cd42db6ec52) Importer(815301076,1909f56bfc062723c751e8b465ee728b)
Start importing Assets/Scripts/BulletView.cs using Guid(44b51d1be789d2049a0d9cd42db6ec52) Importer(815301076,1909f56bfc062723c751e8b465ee728b)  -> (artifact id: '94a9b0d52034279303a8c1b35f8935d8') in 0.007127 seconds
  Import took 0.019945 seconds .

========================================================================
Received Prepare
Registering precompiled user dll's ...
Registered in 0.000931 seconds.
Begin MonoManager ReloadAssembly
Native extension for WindowsStandalone target not found
Refreshing native plugins compatible for Editor in 0.36 ms, found 1 plugins.
Preloading 0 native plugins for Editor in 0.00 ms.
Mono: successfully reloaded assembly
- Completed reload, in  0.954 seconds
Platform modules already initialized, skipping
Refreshing native plugins compatible for Editor in 0.39 ms, found 1 plugins.
Preloading 0 native plugins for Editor in 0.00 ms.
Unloading 1813 Unused Serialized files (Serialized files now loaded: 0)
System memory in use before: 85.2 MB.
System memory in use after: 85.1 MB.

Unloading 12 unused Assets to reduce memory usage. Loaded Objects now: 2324.
Total: 2.096100 ms (FindLiveObjects: 0.205900 ms CreateObjectMapping: 0.080800 ms MarkObjects: 1.649600 ms  DeleteObjects: 0.158800 ms)

========================================================================
Received Prepare
Registering precompiled user dll's ...
Registered in 0.001091 seconds.
Begin MonoManager ReloadAssembly
Native extension for WindowsStandalone target not found
Refreshing native plugins compatible for Editor in 0.36 ms, found 1 plugins.
Preloading 0 native plugins for Editor in 0.00 ms.
Mono: successfully reloaded assembly
- Completed reload, in  0.959 seconds
Platform modules already initialized, skipping
Refreshing native plugins compatible for Editor in 0.37 ms, found 1 plugins.
Preloading 0 native plugins for Editor in 0.00 ms.
Unloading 1813 Unused Serialized files (Serialized files now loaded: 0)
System memory in use before: 85.2 MB.
System memory in use after: 85.1 MB.

Unloading 12 unused Assets to reduce memory usage. Loaded Objects now: 2328.
Total: 2.247900 ms (FindLiveObjects: 0.195200 ms CreateObjectMapping: 0.065200 ms MarkObjects: 1.824000 ms  DeleteObjects: 0.162600 ms)

========================================================================
Received Import Request.
  Time since last request: 78.356608 seconds.
  path: Assets/Scripts/BulletView.cs
  artifactKey: Guid(44b51d1be789d2049a0d9cd42db6ec52) Importer(815301076,1909f56bfc062723c751e8b465ee728b)
Start importing Assets/Scripts/BulletView.cs using Guid(44b51d1be789d2049a0d9cd42db6ec52) Importer(815301076,1909f56bfc062723c751e8b465ee728b)  -> (artifact id: 'd45efe59041674d36980fdd9e439e25a') in 0.003913 seconds
  Import took 0.007007 seconds .

========================================================================
Received Import Request.
  Time since last request: 68.701541 seconds.
  path: Assets/Scripts/BulletsEmitter.cs
  artifactKey: Guid(020497b260a745148aca057f8fdff01b) Importer(815301076,1909f56bfc062723c751e8b465ee728b)
Start importing Assets/Scripts/BulletsEmitter.cs using Guid(020497b260a745148aca057f8fdff01b) Importer(815301076,1909f56bfc062723c751e8b465ee728b)  -> (artifact id: '2cfdda2b5c02917d61438dc1f8ea9997') in 0.004357 seconds
  Import took 0.008718 seconds .

========================================================================
Received Prepare
Registering precompiled user dll's ...
Registered in 0.000847 seconds.
Begin MonoManager ReloadAssembly
Native extension for WindowsStandalone target not found
Refreshing native plugins compatible for Editor in 0.38 ms, found 1 plugins.
Preloading 0 native plugins for Editor in 0.00 ms.
Mono: successfully reloaded assembly
- Completed reload, in  1.078 seconds
Platform modules already initialized, skipping
Refreshing native plugins compatible for Editor in 0.49 ms, found 1 plugins.
Preloading 0 native plugins for Editor in 0.00 ms.
Unloading 1814 Unused Serialized files (Serialized files now loaded: 0)
System memory in use before: 85.2 MB.
System memory in use after: 85.2 MB.

Unloading 12 unused Assets to reduce memory usage. Loaded Objects now: 2333.
Total: 2.193000 ms (FindLiveObjects: 0.179000 ms CreateObjectMapping: 0.066600 ms MarkObjects: 1.785800 ms  DeleteObjects: 0.160100 ms)

========================================================================
Received Import Request.
  Time since last request: 36.679320 seconds.
  path: Assets/Scripts/BulletsEmitter.cs
  artifactKey: Guid(020497b260a745148aca057f8fdff01b) Importer(815301076,1909f56bfc062723c751e8b465ee728b)
Start importing Assets/Scripts/BulletsEmitter.cs using Guid(020497b260a745148aca057f8fdff01b) Importer(815301076,1909f56bfc062723c751e8b465ee728b)  -> (artifact id: '294ba1fb895b826da77d857ea1e5ff98') in 0.005355 seconds
  Import took 0.026228 seconds .

========================================================================
Received Import Request.
  Time since last request: 0.001365 seconds.
  path: Assets/Scripts/BulletsEmitter.cs
  artifactKey: Guid(020497b260a745148aca057f8fdff01b) Importer(815301076,1909f56bfc062723c751e8b465ee728b)
Start importing Assets/Scripts/BulletsEmitter.cs using Guid(020497b260a745148aca057f8fdff01b) Importer(815301076,1909f56bfc062723c751e8b465ee728b)  -> (artifact id: '294ba1fb895b826da77d857ea1e5ff98') in 0.001789 seconds
  Import took 0.005214 seconds .

========================================================================
Received Import Request.
  Time since last request: 32.881433 seconds.
  path: Assets/Scripts/Bullet.cs
  artifactKey: Guid(9113e20a8b6d4974eacc9c0ac98d2aa1) Importer(815301076,1909f56bfc062723c751e8b465ee728b)
Start importing Assets/Scripts/Bullet.cs using Guid(9113e20a8b6d4974eacc9c0ac98d2aa1) Importer(815301076,1909f56bfc062723c751e8b465ee728b)  -> (artifact id: '5f1b29ef86f296365f57c138a8ff6949') in 0.004973 seconds
  Import took 0.028990 seconds .

========================================================================
Received Import Request.
  Time since last request: 222.078604 seconds.
  path: Assets/Scripts/Bullet.cs
  artifactKey: Guid(9113e20a8b6d4974eacc9c0ac98d2aa1) Importer(815301076,1909f56bfc062723c751e8b465ee728b)
Start importing Assets/Scripts/Bullet.cs using Guid(9113e20a8b6d4974eacc9c0ac98d2aa1) Importer(815301076,1909f56bfc062723c751e8b465ee728b)  -> (artifact id: 'ca60248917de036e5f5e77f237cdffaf') in 0.003042 seconds
  Import took 0.025409 seconds .

========================================================================
Received Prepare
Registering precompiled user dll's ...
Registered in 0.000834 seconds.
Begin MonoManager ReloadAssembly
Native extension for WindowsStandalone target not found
Refreshing native plugins compatible for Editor in 0.36 ms, found 1 plugins.
Preloading 0 native plugins for Editor in 0.00 ms.
Mono: successfully reloaded assembly
- Completed reload, in  0.944 seconds
Platform modules already initialized, skipping
Refreshing native plugins compatible for Editor in 0.36 ms, found 1 plugins.
Preloading 0 native plugins for Editor in 0.00 ms.
Unloading 1815 Unused Serialized files (Serialized files now loaded: 0)
System memory in use before: 85.2 MB.
System memory in use after: 85.2 MB.

Unloading 12 unused Assets to reduce memory usage. Loaded Objects now: 2338.
Total: 2.016600 ms (FindLiveObjects: 0.199000 ms CreateObjectMapping: 0.091600 ms MarkObjects: 1.592200 ms  DeleteObjects: 0.132900 ms)

========================================================================
Received Import Request.
  Time since last request: 407.277272 seconds.
  path: Assets/Scripts/Bullet.cs
  artifactKey: Guid(9113e20a8b6d4974eacc9c0ac98d2aa1) Importer(815301076,1909f56bfc062723c751e8b465ee728b)
Start importing Assets/Scripts/Bullet.cs using Guid(9113e20a8b6d4974eacc9c0ac98d2aa1) Importer(815301076,1909f56bfc062723c751e8b465ee728b)  -> (artifact id: 'fa5a86b57a0133400e15a661c574c2d1') in 0.004227 seconds
  Import took 0.022044 seconds .

========================================================================
Received Import Request.
  Time since last request: 2.632405 seconds.
  path: Assets/Scripts/BulletsEmitter.cs
  artifactKey: Guid(020497b260a745148aca057f8fdff01b) Importer(815301076,1909f56bfc062723c751e8b465ee728b)
Start importing Assets/Scripts/BulletsEmitter.cs using Guid(020497b260a745148aca057f8fdff01b) Importer(815301076,1909f56bfc062723c751e8b465ee728b)  -> (artifact id: 'befdff85f9aef90ea0ca3568afdb7835') in 0.001836 seconds
  Import took 0.012128 seconds .

========================================================================
Received Import Request.
  Time since last request: 131.641686 seconds.
  path: Assets/Sprites/Enemy/Mace.png
  artifactKey: Guid(e03c31c99b4ad1b4198df0347abbe947) Importer(815301076,1909f56bfc062723c751e8b465ee728b)
Start importing Assets/Sprites/Enemy/Mace.png using Guid(e03c31c99b4ad1b4198df0347abbe947) Importer(815301076,1909f56bfc062723c751e8b465ee728b)  -> (artifact id: '3c6d7b1b5eef62d1028ed7988f3a9e6b') in 0.138525 seconds
  Import took 0.166659 seconds .

========================================================================
Received Import Request.
  Time since last request: 181.665418 seconds.
  path: Assets/Prefab/Mace.prefab
  artifactKey: Guid(65c5981aa8a97074d84c5fcef3b423c3) Importer(815301076,1909f56bfc062723c751e8b465ee728b)
Start importing Assets/Prefab/Mace.prefab using Guid(65c5981aa8a97074d84c5fcef3b423c3) Importer(815301076,1909f56bfc062723c751e8b465ee728b)  -> (artifact id: '8be96dc4a8ced496909cb33bda63888f') in 0.052053 seconds
  Import took 0.067743 seconds .

========================================================================
Received Import Request.
  Time since last request: 0.002756 seconds.
  path: Assets/Prefab/Mace.prefab
  artifactKey: Guid(65c5981aa8a97074d84c5fcef3b423c3) Importer(815301076,1909f56bfc062723c751e8b465ee728b)
Start importing Assets/Prefab/Mace.prefab using Guid(65c5981aa8a97074d84c5fcef3b423c3) Importer(815301076,1909f56bfc062723c751e8b465ee728b)  -> (artifact id: '8be96dc4a8ced496909cb33bda63888f') in 0.008588 seconds
  Import took 0.012375 seconds .

========================================================================
Received Prepare
Registering precompiled user dll's ...
Registered in 0.000794 seconds.
Begin MonoManager ReloadAssembly
Native extension for WindowsStandalone target not found
Refreshing native plugins compatible for Editor in 0.37 ms, found 1 plugins.
Preloading 0 native plugins for Editor in 0.00 ms.
Mono: successfully reloaded assembly
- Completed reload, in  0.900 seconds
Platform modules already initialized, skipping
Refreshing native plugins compatible for Editor in 0.46 ms, found 1 plugins.
Preloading 0 native plugins for Editor in 0.00 ms.
Unloading 1815 Unused Serialized files (Serialized files now loaded: 0)
System memory in use before: 88.3 MB.
System memory in use after: 88.3 MB.

Unloading 12 unused Assets to reduce memory usage. Loaded Objects now: 2352.
Total: 2.160100 ms (FindLiveObjects: 0.193800 ms CreateObjectMapping: 0.069100 ms MarkObjects: 1.754600 ms  DeleteObjects: 0.141500 ms)

========================================================================
Received Prepare
Registering precompiled user dll's ...
Registered in 0.000772 seconds.
Begin MonoManager ReloadAssembly
Native extension for WindowsStandalone target not found
Refreshing native plugins compatible for Editor in 0.38 ms, found 1 plugins.
Preloading 0 native plugins for Editor in 0.00 ms.
Mono: successfully reloaded assembly
- Completed reload, in  0.906 seconds
Platform modules already initialized, skipping
Refreshing native plugins compatible for Editor in 0.39 ms, found 1 plugins.
Preloading 0 native plugins for Editor in 0.00 ms.
Unloading 1815 Unused Serialized files (Serialized files now loaded: 0)
System memory in use before: 88.3 MB.
System memory in use after: 88.3 MB.

Unloading 12 unused Assets to reduce memory usage. Loaded Objects now: 2356.
Total: 2.446100 ms (FindLiveObjects: 0.328500 ms CreateObjectMapping: 0.099900 ms MarkObjects: 1.873100 ms  DeleteObjects: 0.143600 ms)

========================================================================
Received Prepare
Registering precompiled user dll's ...
Registered in 0.000986 seconds.
Begin MonoManager ReloadAssembly
Native extension for WindowsStandalone target not found
Refreshing native plugins compatible for Editor in 0.36 ms, found 1 plugins.
Preloading 0 native plugins for Editor in 0.00 ms.
Mono: successfully reloaded assembly
- Completed reload, in  0.919 seconds
Platform modules already initialized, skipping
Refreshing native plugins compatible for Editor in 0.39 ms, found 1 plugins.
Preloading 0 native plugins for Editor in 0.00 ms.
Unloading 1815 Unused Serialized files (Serialized files now loaded: 0)
System memory in use before: 88.4 MB.
System memory in use after: 88.3 MB.

Unloading 12 unused Assets to reduce memory usage. Loaded Objects now: 2360.
Total: 2.219800 ms (FindLiveObjects: 0.181600 ms CreateObjectMapping: 0.064300 ms MarkObjects: 1.820500 ms  DeleteObjects: 0.152300 ms)

========================================================================
Received Prepare
Registering precompiled user dll's ...
Registered in 0.001188 seconds.
Begin MonoManager ReloadAssembly
Native extension for WindowsStandalone target not found
Refreshing native plugins compatible for Editor in 0.43 ms, found 1 plugins.
Preloading 0 native plugins for Editor in 0.00 ms.
Mono: successfully reloaded assembly
- Completed reload, in  0.924 seconds
Platform modules already initialized, skipping
Refreshing native plugins compatible for Editor in 0.37 ms, found 1 plugins.
Preloading 0 native plugins for Editor in 0.00 ms.
Unloading 1815 Unused Serialized files (Serialized files now loaded: 0)
System memory in use before: 88.4 MB.
System memory in use after: 88.3 MB.

Unloading 12 unused Assets to reduce memory usage. Loaded Objects now: 2364.
Total: 2.272500 ms (FindLiveObjects: 0.182000 ms CreateObjectMapping: 0.066400 ms MarkObjects: 1.863400 ms  DeleteObjects: 0.159900 ms)

========================================================================
Received Import Request.
  Time since last request: 143.610670 seconds.
  path: Assets/Prefab/Mace.prefab
  artifactKey: Guid(65c5981aa8a97074d84c5fcef3b423c3) Importer(815301076,1909f56bfc062723c751e8b465ee728b)
Start importing Assets/Prefab/Mace.prefab using Guid(65c5981aa8a97074d84c5fcef3b423c3) Importer(815301076,1909f56bfc062723c751e8b465ee728b)  -> (artifact id: 'c5feb8866f97a1d811b066d9b3f522ab') in 0.055080 seconds
  Import took 0.058256 seconds .

========================================================================
Received Prepare
Registering precompiled user dll's ...
Registered in 0.000795 seconds.
Begin MonoManager ReloadAssembly
Native extension for WindowsStandalone target not found
Refreshing native plugins compatible for Editor in 0.37 ms, found 1 plugins.
Preloading 0 native plugins for Editor in 0.00 ms.
Mono: successfully reloaded assembly
- Completed reload, in  0.907 seconds
Platform modules already initialized, skipping
Refreshing native plugins compatible for Editor in 0.39 ms, found 1 plugins.
Preloading 0 native plugins for Editor in 0.00 ms.
Unloading 1815 Unused Serialized files (Serialized files now loaded: 0)
System memory in use before: 88.4 MB.
System memory in use after: 88.4 MB.

Unloading 12 unused Assets to reduce memory usage. Loaded Objects now: 2369.
Total: 2.542000 ms (FindLiveObjects: 0.202200 ms CreateObjectMapping: 0.070300 ms MarkObjects: 2.091100 ms  DeleteObjects: 0.177300 ms)

========================================================================
Received Prepare
Registering precompiled user dll's ...
Registered in 0.000795 seconds.
Begin MonoManager ReloadAssembly
Native extension for WindowsStandalone target not found
Refreshing native plugins compatible for Editor in 0.49 ms, found 1 plugins.
Preloading 0 native plugins for Editor in 0.00 ms.
Mono: successfully reloaded assembly
- Completed reload, in  0.915 seconds
Platform modules already initialized, skipping
Refreshing native plugins compatible for Editor in 0.39 ms, found 1 plugins.
Preloading 0 native plugins for Editor in 0.00 ms.
Unloading 1815 Unused Serialized files (Serialized files now loaded: 0)
System memory in use before: 88.4 MB.
System memory in use after: 88.4 MB.

Unloading 12 unused Assets to reduce memory usage. Loaded Objects now: 2373.
Total: 2.098900 ms (FindLiveObjects: 0.188800 ms CreateObjectMapping: 0.066000 ms MarkObjects: 1.712100 ms  DeleteObjects: 0.130900 ms)

========================================================================
Received Prepare
Registering precompiled user dll's ...
Registered in 0.000875 seconds.
Begin MonoManager ReloadAssembly
Native extension for WindowsStandalone target not found
Refreshing native plugins compatible for Editor in 0.37 ms, found 1 plugins.
Preloading 0 native plugins for Editor in 0.00 ms.
Mono: successfully reloaded assembly
- Completed reload, in  0.901 seconds
Platform modules already initialized, skipping
Refreshing native plugins compatible for Editor in 0.38 ms, found 1 plugins.
Preloading 0 native plugins for Editor in 0.00 ms.
Unloading 1815 Unused Serialized files (Serialized files now loaded: 0)
System memory in use before: 88.4 MB.
System memory in use after: 88.4 MB.

Unloading 12 unused Assets to reduce memory usage. Loaded Objects now: 2377.
Total: 2.249000 ms (FindLiveObjects: 0.179500 ms CreateObjectMapping: 0.069600 ms MarkObjects: 1.825300 ms  DeleteObjects: 0.173600 ms)

========================================================================
Received Prepare
Registering precompiled user dll's ...
Registered in 0.000983 seconds.
Begin MonoManager ReloadAssembly
Native extension for WindowsStandalone target not found
Refreshing native plugins compatible for Editor in 0.38 ms, found 1 plugins.
Preloading 0 native plugins for Editor in 0.00 ms.
Mono: successfully reloaded assembly
- Completed reload, in  0.944 seconds
Platform modules already initialized, skipping
Refreshing native plugins compatible for Editor in 0.39 ms, found 1 plugins.
Preloading 0 native plugins for Editor in 0.00 ms.
Unloading 1815 Unused Serialized files (Serialized files now loaded: 0)
System memory in use before: 88.4 MB.
System memory in use after: 88.4 MB.

Unloading 12 unused Assets to reduce memory usage. Loaded Objects now: 2381.
Total: 2.700500 ms (FindLiveObjects: 0.194300 ms CreateObjectMapping: 0.073900 ms MarkObjects: 2.276300 ms  DeleteObjects: 0.154600 ms)

========================================================================
Received Import Request.
  Time since last request: 152.065652 seconds.
  path: Assets/Prefab/Mace.prefab
  artifactKey: Guid(65c5981aa8a97074d84c5fcef3b423c3) Importer(815301076,1909f56bfc062723c751e8b465ee728b)
Start importing Assets/Prefab/Mace.prefab using Guid(65c5981aa8a97074d84c5fcef3b423c3) Importer(815301076,1909f56bfc062723c751e8b465ee728b)  -> (artifact id: '0361d318ca1f905bcd463cc8b0b519b4') in 0.054234 seconds
  Import took 0.068791 seconds .

========================================================================
Received Prepare
Registering precompiled user dll's ...
Registered in 0.000803 seconds.
Begin MonoManager ReloadAssembly
Native extension for WindowsStandalone target not found
Refreshing native plugins compatible for Editor in 0.39 ms, found 1 plugins.
Preloading 0 native plugins for Editor in 0.00 ms.
Mono: successfully reloaded assembly
- Completed reload, in  0.901 seconds
Platform modules already initialized, skipping
Refreshing native plugins compatible for Editor in 0.39 ms, found 1 plugins.
Preloading 0 native plugins for Editor in 0.00 ms.
Unloading 1815 Unused Serialized files (Serialized files now loaded: 0)
System memory in use before: 88.4 MB.
System memory in use after: 88.4 MB.

Unloading 12 unused Assets to reduce memory usage. Loaded Objects now: 2386.
Total: 2.153400 ms (FindLiveObjects: 0.211400 ms CreateObjectMapping: 0.071700 ms MarkObjects: 1.703700 ms  DeleteObjects: 0.165500 ms)

========================================================================
Received Prepare
Registering precompiled user dll's ...
Registered in 0.000903 seconds.
Begin MonoManager ReloadAssembly
Native extension for WindowsStandalone target not found
Refreshing native plugins compatible for Editor in 0.43 ms, found 1 plugins.
Preloading 0 native plugins for Editor in 0.00 ms.
Mono: successfully reloaded assembly
- Completed reload, in  0.895 seconds
Platform modules already initialized, skipping
Refreshing native plugins compatible for Editor in 0.40 ms, found 1 plugins.
Preloading 0 native plugins for Editor in 0.00 ms.
Unloading 1815 Unused Serialized files (Serialized files now loaded: 0)
System memory in use before: 88.4 MB.
System memory in use after: 88.4 MB.

Unloading 12 unused Assets to reduce memory usage. Loaded Objects now: 2390.
Total: 2.173800 ms (FindLiveObjects: 0.186500 ms CreateObjectMapping: 0.074200 ms MarkObjects: 1.746500 ms  DeleteObjects: 0.165100 ms)

========================================================================
Received Prepare
Registering precompiled user dll's ...
Registered in 0.000799 seconds.
Begin MonoManager ReloadAssembly
Native extension for WindowsStandalone target not found
Refreshing native plugins compatible for Editor in 0.37 ms, found 1 plugins.
Preloading 0 native plugins for Editor in 0.00 ms.
Mono: successfully reloaded assembly
- Completed reload, in  0.936 seconds
Platform modules already initialized, skipping
Refreshing native plugins compatible for Editor in 0.40 ms, found 1 plugins.
Preloading 0 native plugins for Editor in 0.00 ms.
Unloading 1815 Unused Serialized files (Serialized files now loaded: 0)
System memory in use before: 88.4 MB.
System memory in use after: 88.4 MB.

Unloading 12 unused Assets to reduce memory usage. Loaded Objects now: 2394.
Total: 2.467200 ms (FindLiveObjects: 0.258500 ms CreateObjectMapping: 0.070900 ms MarkObjects: 1.977700 ms  DeleteObjects: 0.159200 ms)

========================================================================
Received Prepare
Registering precompiled user dll's ...
Registered in 0.000896 seconds.
Begin MonoManager ReloadAssembly
Native extension for WindowsStandalone target not found
Refreshing native plugins compatible for Editor in 0.44 ms, found 1 plugins.
Preloading 0 native plugins for Editor in 0.00 ms.
Mono: successfully reloaded assembly
- Completed reload, in  0.937 seconds
Platform modules already initialized, skipping
Refreshing native plugins compatible for Editor in 0.39 ms, found 1 plugins.
Preloading 0 native plugins for Editor in 0.00 ms.
Unloading 1815 Unused Serialized files (Serialized files now loaded: 0)
System memory in use before: 88.4 MB.
System memory in use after: 88.4 MB.

Unloading 12 unused Assets to reduce memory usage. Loaded Objects now: 2398.
Total: 2.341200 ms (FindLiveObjects: 0.191700 ms CreateObjectMapping: 0.076500 ms MarkObjects: 1.911600 ms  DeleteObjects: 0.160700 ms)

AssetImportWorkerClient::OnTransportError - code=2 error=End of file
